#
# There is insufficient memory for the Java Runtime Environment to continue.
# Native memory allocation (mmap) failed to map 134217728 bytes. Error detail: G1 virtual space
# Possible reasons:
#   The system is out of physical RAM or swap space
#   This process is running with CompressedOops enabled, and the Java Heap may be blocking the growth of the native heap
# Possible solutions:
#   Reduce memory load on the system
#   Increase physical memory or swap space
#   Check if swap backing store is full
#   Decrease Java heap size (-Xmx/-Xms)
#   Decrease number of Java threads
#   Decrease Java thread stack sizes (-Xss)
#   Set larger code cache with -XX:ReservedCodeCacheSize=
#   JVM is running with Unscaled Compressed Oops mode in which the Java heap is
#     placed in the first 4GB address space. The Java Heap base address is the
#     maximum limit for the native heap growth. Please use -XX:HeapBaseMinAddress
#     to set the Java Heap base and to place the Java Heap above 4GB virtual address.
# This output file may be truncated or incomplete.
#
#  Out of Memory Error (os_windows.cpp:3603), pid=6236, tid=13332
#
# JRE version:  (21.0.3+1) (build )
# Java VM: OpenJDK 64-Bit Server VM (21.0.3+1-adhoc.Administrator.jdk21u, mixed mode, sharing, tiered, compressed oops, compressed class ptrs, g1 gc, windows-amd64)
# No core dump will be written. Minidumps are not enabled by default on client versions of Windows
#

---------------  S U M M A R Y ------------

Command Line: 

Host: Intel(R) Core(TM) i7-6600U CPU @ 2.60GHz, 4 cores, 7G,  Windows 11 , 64 bit Build 22621 (10.0.22621.3527)
Time: Sat May 18 22:14:34 2024 Pakistan Standard Time elapsed time: 0.025698 seconds (0d 0h 0m 0s)

---------------  T H R E A D  ---------------

Current thread (0x0000028f4e26f850):  JavaThread "Unknown thread" [_thread_in_vm, id=13332, stack(0x000000bc27300000,0x000000bc27400000) (1024K)]

Stack: [0x000000bc27300000,0x000000bc27400000]
Native frames: (J=compiled Java code, j=interpreted, Vv=VM code, C=native code)
V  [jvm.dll+0x6d51e9]
V  [jvm.dll+0x8b0693]
V  [jvm.dll+0x8b29ee]
V  [jvm.dll+0x8b30d3]
V  [jvm.dll+0x284f06]
V  [jvm.dll+0x6d19b5]
V  [jvm.dll+0x6c60ea]
V  [jvm.dll+0x35bc6b]
V  [jvm.dll+0x363816]
V  [jvm.dll+0x3b4da6]
V  [jvm.dll+0x3b5078]
V  [jvm.dll+0x32f3ac]
V  [jvm.dll+0x33009b]
V  [jvm.dll+0x8788b9]
V  [jvm.dll+0x3c2171]
V  [jvm.dll+0x861ce8]
V  [jvm.dll+0x45658e]
V  [jvm.dll+0x458101]
C  [jli.dll+0x52ab]
C  [ucrtbase.dll+0x29333]
C  [KERNEL32.DLL+0x1257d]
C  [ntdll.dll+0x5aa48]


---------------  P R O C E S S  ---------------

Threads class SMR info:
_java_thread_list=0x00007ff90cc3d048, length=0, elements={
}

Java Threads: ( => current thread )
Total: 0

Other Threads:
  0x0000028f4e2bff30 WorkerThread "GC Thread#0"                     [id=18864, stack(0x000000bc27500000,0x000000bc27600000) (1024K)]
  0x0000028f4e2d0b50 ConcurrentGCThread "G1 Main Marker"            [id=4724, stack(0x000000bc27600000,0x000000bc27700000) (1024K)]
  0x0000028f4e2d1800 WorkerThread "G1 Conc#0"                       [id=17044, stack(0x000000bc27700000,0x000000bc27800000) (1024K)]

[error occurred during error reporting (printing all threads), id 0xc0000005, EXCEPTION_ACCESS_VIOLATION (0xc0000005) at pc=0x00007ff90c342507]
VM state: not at safepoint (not fully initialized)

VM Mutex/Monitor currently owned by a thread:  ([mutex/lock_event])
[0x00007ff90ccb1288] Heap_lock - owner thread: 0x0000028f4e26f850

Heap address: 0x0000000081e00000, size: 2018 MB, Compressed Oops mode: 32-bit

CDS archive(s) mapped at: [0x0000000000000000-0x0000000000000000-0x0000000000000000), size 0, SharedBaseAddress: 0x0000000800000000, ArchiveRelocationMode: 1.
Narrow klass base: 0x0000000000000000, Narrow klass shift: 0, Narrow klass range: 0x0

GC Precious Log:
 CardTable entry size: 512
 Card Set container configuration: InlinePtr #cards 5 size 8 Array Of Cards #cards 12 size 40 Howl #buckets 4 coarsen threshold 1843 Howl Bitmap #cards 512 size 80 coarsen threshold 460 Card regions per heap region 1 cards per card region 2048

Heap:
 garbage-first heap   total 0K, used 0K [0x0000000081e00000, 0x0000000100000000)
  region size 1024K, 0 young (0K), 0 survivors (0K)

[error occurred during error reporting (printing heap information), id 0xc0000005, EXCEPTION_ACCESS_VIOLATION (0xc0000005) at pc=0x00007ff90c72eb59]
GC Heap History (0 events):
No events

Dll operation events (1 events):
Event: 0.013 Loaded shared library C:\Users\ALI\Downloads\openlogic-openjdk-21.0.3+1-windows-x64\openlogic-openjdk-21.0.3+1-windows-x64\bin\java.dll

Deoptimization events (0 events):
No events

Classes loaded (0 events):
No events

Classes unloaded (0 events):
No events

Classes redefined (0 events):
No events

Internal exceptions (0 events):
No events

ZGC Phase Switch (0 events):
No events

VM Operations (0 events):
No events

Events (0 events):
No events


Dynamic libraries:
0x00007ff776f70000 - 0x00007ff776f7e000 	C:\Users\ALI\Downloads\openlogic-openjdk-21.0.3+1-windows-x64\openlogic-openjdk-21.0.3+1-windows-x64\bin\java.exe
0x00007ff986b70000 - 0x00007ff986d87000 	C:\Windows\SYSTEM32\ntdll.dll
0x00007ff985af0000 - 0x00007ff985bb4000 	C:\Windows\System32\KERNEL32.DLL
0x00007ff9844f0000 - 0x00007ff984897000 	C:\Windows\System32\KERNELBASE.dll
0x00007ff9841c0000 - 0x00007ff9842d1000 	C:\Windows\System32\ucrtbase.dll
0x00007ff9756b0000 - 0x00007ff9756c8000 	C:\Users\ALI\Downloads\openlogic-openjdk-21.0.3+1-windows-x64\openlogic-openjdk-21.0.3+1-windows-x64\bin\jli.dll
0x00007ff9858b0000 - 0x00007ff985a5e000 	C:\Windows\System32\USER32.dll
0x00007ff9842e0000 - 0x00007ff984306000 	C:\Windows\System32\win32u.dll
0x00007ff984c10000 - 0x00007ff984c39000 	C:\Windows\System32\GDI32.dll
0x00007ff984310000 - 0x00007ff984429000 	C:\Windows\System32\gdi32full.dll
0x00007ff984000000 - 0x00007ff98409a000 	C:\Windows\System32\msvcp_win.dll
0x00007ff950ae0000 - 0x00007ff950afb000 	C:\Users\ALI\Downloads\openlogic-openjdk-21.0.3+1-windows-x64\openlogic-openjdk-21.0.3+1-windows-x64\bin\VCRUNTIME140.dll
0x00007ff96c750000 - 0x00007ff96c9e3000 	C:\Windows\WinSxS\amd64_microsoft.windows.common-controls_6595b64144ccf1df_6.0.22621.3527_none_270e469b73872a76\COMCTL32.dll
0x00007ff984b40000 - 0x00007ff984be7000 	C:\Windows\System32\msvcrt.dll
0x00007ff985dd0000 - 0x00007ff985e01000 	C:\Windows\System32\IMM32.DLL
0x00007ff950b00000 - 0x00007ff950b0c000 	C:\Users\ALI\Downloads\openlogic-openjdk-21.0.3+1-windows-x64\openlogic-openjdk-21.0.3+1-windows-x64\bin\vcruntime140_1.dll
0x00007ff950b10000 - 0x00007ff950b9d000 	C:\Users\ALI\Downloads\openlogic-openjdk-21.0.3+1-windows-x64\openlogic-openjdk-21.0.3+1-windows-x64\bin\msvcp140.dll
0x00007ff90c000000 - 0x00007ff90cd91000 	C:\Users\ALI\Downloads\openlogic-openjdk-21.0.3+1-windows-x64\openlogic-openjdk-21.0.3+1-windows-x64\bin\server\jvm.dll
0x00007ff9861a0000 - 0x00007ff986252000 	C:\Windows\System32\ADVAPI32.dll
0x00007ff985d20000 - 0x00007ff985dc8000 	C:\Windows\System32\sechost.dll
0x00007ff984190000 - 0x00007ff9841b8000 	C:\Windows\System32\bcrypt.dll
0x00007ff985790000 - 0x00007ff9858a5000 	C:\Windows\System32\RPCRT4.dll
0x00007ff985a60000 - 0x00007ff985ad1000 	C:\Windows\System32\WS2_32.dll
0x00007ff9833c0000 - 0x00007ff98340d000 	C:\Windows\SYSTEM32\POWRPROF.dll
0x00007ff97a0d0000 - 0x00007ff97a104000 	C:\Windows\SYSTEM32\WINMM.dll
0x00007ff979580000 - 0x00007ff97958a000 	C:\Windows\SYSTEM32\VERSION.dll
0x00007ff983310000 - 0x00007ff983323000 	C:\Windows\SYSTEM32\UMPDC.dll
0x00007ff982ea0000 - 0x00007ff982eb8000 	C:\Windows\SYSTEM32\kernel.appcore.dll
0x00007ff981b10000 - 0x00007ff981b1a000 	C:\Users\ALI\Downloads\openlogic-openjdk-21.0.3+1-windows-x64\openlogic-openjdk-21.0.3+1-windows-x64\bin\jimage.dll
0x00007ff97efb0000 - 0x00007ff97f1e3000 	C:\Windows\SYSTEM32\DBGHELP.DLL
0x00007ff985e10000 - 0x00007ff986198000 	C:\Windows\System32\combase.dll
0x00007ff984d50000 - 0x00007ff984e27000 	C:\Windows\System32\OLEAUT32.dll
0x00007ff95e720000 - 0x00007ff95e752000 	C:\Windows\SYSTEM32\dbgcore.DLL
0x00007ff984110000 - 0x00007ff984189000 	C:\Windows\System32\bcryptPrimitives.dll
0x00007ff96aa50000 - 0x00007ff96aa6f000 	C:\Users\ALI\Downloads\openlogic-openjdk-21.0.3+1-windows-x64\openlogic-openjdk-21.0.3+1-windows-x64\bin\java.dll

dbghelp: loaded successfully - version: 4.0.5 - missing functions: none
symbol engine: initialized successfully - sym options: 0x614 - pdb path: .;C:\Users\ALI\Downloads\openlogic-openjdk-21.0.3+1-windows-x64\openlogic-openjdk-21.0.3+1-windows-x64\bin;C:\Windows\SYSTEM32;C:\Windows\WinSxS\amd64_microsoft.windows.common-controls_6595b64144ccf1df_6.0.22621.3527_none_270e469b73872a76;C:\Users\ALI\Downloads\openlogic-openjdk-21.0.3+1-windows-x64\openlogic-openjdk-21.0.3+1-windows-x64\bin\server

VM Arguments:
java_command: <unknown>
java_class_path (initial): <not set>
Launcher Type: SUN_STANDARD

[Global flags]
     intx CICompilerCount                          = 3                                         {product} {ergonomic}
     uint ConcGCThreads                            = 1                                         {product} {ergonomic}
     uint G1ConcRefinementThreads                  = 4                                         {product} {ergonomic}
   size_t G1HeapRegionSize                         = 1048576                                   {product} {ergonomic}
    uintx GCDrainStackTargetSize                   = 64                                        {product} {ergonomic}
   size_t InitialHeapSize                          = 134217728                                 {product} {ergonomic}
   size_t MarkStackSize                            = 4194304                                   {product} {ergonomic}
   size_t MaxHeapSize                              = 2116026368                                {product} {ergonomic}
   size_t MinHeapDeltaBytes                        = 1048576                                   {product} {ergonomic}
   size_t MinHeapSize                              = 8388608                                   {product} {ergonomic}
    uintx NonNMethodCodeHeapSize                   = 5832780                                {pd product} {ergonomic}
    uintx NonProfiledCodeHeapSize                  = 122912730                              {pd product} {ergonomic}
    uintx ProfiledCodeHeapSize                     = 122912730                              {pd product} {ergonomic}
    uintx ReservedCodeCacheSize                    = 251658240                              {pd product} {ergonomic}
     bool SegmentedCodeCache                       = true                                      {product} {ergonomic}
   size_t SoftMaxHeapSize                          = 2116026368                             {manageable} {ergonomic}
     bool UseCompressedOops                        = true                           {product lp64_product} {ergonomic}
     bool UseG1GC                                  = true                                      {product} {ergonomic}
     bool UseLargePagesIndividualAllocation        = false                                  {pd product} {ergonomic}

Logging:
Log output configuration:
 #0: stdout all=warning uptime,level,tags foldmultilines=false
 #1: stderr all=off uptime,level,tags foldmultilines=false

Environment Variables:
PATH=C:\Users\ALI\Desktop\prize_bond\node_modules\.bin;C:\Users\ALI\Desktop\prize_bond\node_modules\.bin;C:\Users\ALI\Desktop\node_modules\.bin;C:\Users\ALI\node_modules\.bin;C:\Users\node_modules\.bin;C:\node_modules\.bin;C:\Users\ALI\AppData\Roaming\npm\node_modules\npm\node_modules\@npmcli\run-script\lib\node-gyp-bin;C:\Users\ALI\bin;C:\Program Files\Git\mingw64\bin;C:\Program Files\Git\usr\local\bin;C:\Program Files\Git\usr\bin;C:\Program Files\Git\usr\bin;C:\Program Files\Git\mingw64\bin;C:\Program Files\Git\usr\bin;C:\Users\ALI\bin;C:\Windows\system32;C:\Windows;C:\Windows\System32\Wbem;C:\Windows\System32\WindowsPowerShell\v1.0;C:\Windows\System32\OpenSSH;C:\Users\ALI\nodejs;C:\Users\ALI\Downloads\openlogic-openjdk-21.0.3+1-windows-x64\openlogic-openjdk-21.0.3+1-windows-x64\bin;C:\Users\ALI\AppData\Local\Android\Sdk;C:\Users\ALI\AppData\Local\Android\Sdk\platform-tools;C:\Users\ALI\AppData\Local\Android\Sdk\emulator;C:\Users\ALI\Desktop\prize-bond\prize_bond;C:\Users\ALI\AppData\Local\Android\Sdk\ndk\27.0.11718014;C:\Program Files\Git\cmd;C:\Users\ALI\AppData\Local\Microsoft\WindowsApps;C:\Users\ALI\AppData\Local\Programs\Microsoft VS Code\bin;C:\Users\ALI\Downloads\openlogic-openjdk-21.0.3+1-windows-x64\openlogic-openjdk-21.0.3+1-windows-x64\bin;C:\Users\ALI\AppData\Local\Android\Sdk;C:\Users\ALI\AppData\Local\Android\Sdk\platform-tools;C:\Users\ALI\AppData\Local\Android\Sdk\emulator;C:\Users\ALI\Desktop\prize-bond\prize_bond;C:\Program Files\Git\usr\bin\vendor_perl;C:\Program Files\Git\usr\bin\core_perl
USERNAME=ALI
SHELL=C:\Program Files\Git\usr\bin\bash.exe
DISPLAY=needs-to-be-defined
LANG=en_US.UTF-8
TERM=xterm-256color
TMPDIR=C:\Users\ALI\AppData\Local\Temp
OS=Windows_NT
PROCESSOR_IDENTIFIER=Intel64 Family 6 Model 78 Stepping 3, GenuineIntel
TMP=C:\Users\ALI\AppData\Local\Temp
TEMP=C:\Users\ALI\AppData\Local\Temp




Periodic native trim disabled

---------------  S Y S T E M  ---------------

OS:
 Windows 11 , 64 bit Build 22621 (10.0.22621.3527)
OS uptime: 14 days 8:58 hours

CPU: total 4 (initial active 4) (2 cores per cpu, 2 threads per core) family 6 model 78 stepping 3 microcode 0xf0, cx8, cmov, fxsr, ht, mmx, 3dnowpref, sse, sse2, sse3, ssse3, sse4.1, sse4.2, popcnt, lzcnt, tsc, tscinvbit, avx, avx2, aes, erms, clmul, bmi1, bmi2, rtm, adx, fma, vzeroupper, clflush, clflushopt, rdtscp, f16c
Processor Information for all 4 processors :
  Max Mhz: 2808, Current Mhz: 2607, Mhz Limit: 2583

Memory: 4k page, system-wide physical 8070M (445M free)
TotalPageFile size 10118M (AvailPageFile size 97M)
current process WorkingSet (physical memory assigned to process): 11M, peak: 11M
current process commit charge ("private bytes"): 52M, peak: 180M

vm_info: OpenJDK 64-Bit Server VM (21.0.3+1-adhoc.Administrator.jdk21u) for windows-amd64 JRE (21.0.3+1-adhoc.Administrator.jdk21u), built on 2024-02-21T11:16:16Z by "Administrator" with MS VC++ 16.10 / 16.11 (VS2019)

END.
