#
# There is insufficient memory for the Java Runtime Environment to continue.
# Native memory allocation (malloc) failed to allocate 821408 bytes. Error detail: Chunk::new
# Possible reasons:
#   The system is out of physical RAM or swap space
#   This process is running with CompressedOops enabled, and the Java Heap may be blocking the growth of the native heap
# Possible solutions:
#   Reduce memory load on the system
#   Increase physical memory or swap space
#   Check if swap backing store is full
#   Decrease Java heap size (-Xmx/-Xms)
#   Decrease number of Java threads
#   Decrease Java thread stack sizes (-Xss)
#   Set larger code cache with -XX:ReservedCodeCacheSize=
#   JVM is running with Unscaled Compressed Oops mode in which the Java heap is
#     placed in the first 4GB address space. The Java Heap base address is the
#     maximum limit for the native heap growth. Please use -XX:HeapBaseMinAddress
#     to set the Java Heap base and to place the Java Heap above 4GB virtual address.
# This output file may be truncated or incomplete.
#
#  Out of Memory Error (arena.cpp:168), pid=14700, tid=15084
#
# JRE version: OpenJDK Runtime Environment OpenLogic-OpenJDK (21.0.3+1) (build 21.0.3+1-adhoc.Administrator.jdk21u)
# Java VM: OpenJDK 64-Bit Server VM OpenLogic-OpenJDK (21.0.3+1-adhoc.Administrator.jdk21u, mixed mode, sharing, tiered, compressed oops, compressed class ptrs, g1 gc, windows-amd64)
# No core dump will be written. Minidumps are not enabled by default on client versions of Windows
#

---------------  S U M M A R Y ------------

Command Line: -XX:MaxMetaspaceSize=512m --add-opens=java.base/java.util=ALL-UNNAMED --add-opens=java.base/java.lang=ALL-UNNAMED --add-opens=java.base/java.lang.invoke=ALL-UNNAMED --add-opens=java.prefs/java.util.prefs=ALL-UNNAMED --add-opens=java.base/java.nio.charset=ALL-UNNAMED --add-opens=java.base/java.net=ALL-UNNAMED --add-opens=java.base/java.util.concurrent.atomic=ALL-UNNAMED -Xmx2048m -Dfile.encoding=UTF-8 -Duser.country=GB -Duser.language=en -Duser.variant -javaagent:C:\Users\ALI\.gradle\wrapper\dists\gradle-8.5-all\3zlzzgtsutfj0pbojr50n2l7z\gradle-8.5\lib\agents\gradle-instrumentation-agent-8.5.jar org.gradle.launcher.daemon.bootstrap.GradleDaemon 8.5

Host: Intel(R) Core(TM) i7-6600U CPU @ 2.60GHz, 4 cores, 7G,  Windows 11 , 64 bit Build 22621 (10.0.22621.3527)
Time: Sat May 18 22:13:06 2024 Pakistan Standard Time elapsed time: 190.294297 seconds (0d 0h 3m 10s)

---------------  T H R E A D  ---------------

Current thread (0x0000018c7f9c9560):  JavaThread "C2 CompilerThread0" daemon [_thread_in_native, id=15084, stack(0x0000007547e00000,0x0000007547f00000) (1024K)]


Current CompileTask:
C2: 190294 15997   !   4       java.nio.file.FileTreeWalker::next (144 bytes)

Stack: [0x0000007547e00000,0x0000007547f00000]
Native frames: (J=compiled Java code, j=interpreted, Vv=VM code, C=native code)
V  [jvm.dll+0x6d51e9]
V  [jvm.dll+0x8b0693]
V  [jvm.dll+0x8b29ee]
V  [jvm.dll+0x8b30d3]
V  [jvm.dll+0x284f06]
V  [jvm.dll+0xc5ffd]
V  [jvm.dll+0xc6533]
V  [jvm.dll+0x3bc26b]
V  [jvm.dll+0x1e49a2]
V  [jvm.dll+0x24d664]
V  [jvm.dll+0x24cae1]
V  [jvm.dll+0x1cbd64]
V  [jvm.dll+0x25c059]
V  [jvm.dll+0x25a60b]
V  [jvm.dll+0x3f6a76]
V  [jvm.dll+0x859858]
V  [jvm.dll+0x6d3a2d]
C  [ucrtbase.dll+0x29333]
C  [KERNEL32.DLL+0x1257d]
C  [ntdll.dll+0x5aa48]


---------------  P R O C E S S  ---------------

Threads class SMR info:
_java_thread_list=0x0000018c26b2b080, length=87, elements={
0x0000018c62079d30, 0x0000018c7f9c3dc0, 0x0000018c7f9c4b30, 0x0000018c7f9c68b0,
0x0000018c7f9c7310, 0x0000018c7f9c7d70, 0x0000018c7f9c87d0, 0x0000018c7f9c9560,
0x0000018c7f9cbef0, 0x0000018c7f98e0d0, 0x0000018c7fcc5a60, 0x0000018c2234b000,
0x0000018c22773470, 0x0000018c218bb890, 0x0000018c218bbf00, 0x0000018c7ff0c520,
0x0000018c229e5340, 0x0000018c220dcb80, 0x0000018c220fbad0, 0x0000018c220fc160,
0x0000018c220fce80, 0x0000018c220fc7f0, 0x0000018c220fd510, 0x0000018c220fa720,
0x0000018c220fb440, 0x0000018c24d8ae20, 0x0000018c24d8b4b0, 0x0000018c24d8bb40,
0x0000018c24d893e0, 0x0000018c24d88d50, 0x0000018c24d89a70, 0x0000018c24d8a790,
0x0000018c25dd4540, 0x0000018c25dd4bd0, 0x0000018c25dd5260, 0x0000018c25dd58f0,
0x0000018c25dd3eb0, 0x0000018c21700af0, 0x0000018c216fd670, 0x0000018c216faf10,
0x0000018c216fbc30, 0x0000018c216fe390, 0x0000018c216fc2c0, 0x0000018c216f9b60,
0x0000018c21700460, 0x0000018c216fea20, 0x0000018c216ff740, 0x0000018c220fdba0,
0x0000018c25dc3560, 0x0000018c25dc2840, 0x0000018c25dc1b20, 0x0000018c25dc2ed0,
0x0000018c25dc21b0, 0x0000018c25dc1490, 0x0000018c25dc3bf0, 0x0000018c25dc0e00,
0x0000018c25dc0770, 0x0000018c24194ac0, 0x0000018c2418f570, 0x0000018c241929f0,
0x0000018c2418fc00, 0x0000018c24195150, 0x0000018c24193080, 0x0000018c24190290,
0x0000018c24191cd0, 0x0000018c24190920, 0x0000018c24191640, 0x0000018c2698ea30,
0x0000018c2698c2d0, 0x0000018c26991820, 0x0000018c26991eb0, 0x0000018c2698af20,
0x0000018c26992540, 0x0000018c2c9fff00, 0x0000018c2ca00590, 0x0000018c2c9fd110,
0x0000018c230b1b10, 0x0000018c230af3b0, 0x0000018c230b1480, 0x0000018c2c25f170,
0x0000018c2c25afd0, 0x0000018c2c25e450, 0x0000018c2c25d730, 0x0000018c2c25b660,
0x0000018c2c259c20, 0x0000018c2c25bcf0, 0x0000018c26b3b130
}

Java Threads: ( => current thread )
  0x0000018c62079d30 JavaThread "main"                              [_thread_blocked, id=5008, stack(0x0000007546f00000,0x0000007547000000) (1024K)]
  0x0000018c7f9c3dc0 JavaThread "Reference Handler"          daemon [_thread_blocked, id=16844, stack(0x0000007547800000,0x0000007547900000) (1024K)]
  0x0000018c7f9c4b30 JavaThread "Finalizer"                  daemon [_thread_blocked, id=15484, stack(0x0000007547900000,0x0000007547a00000) (1024K)]
  0x0000018c7f9c68b0 JavaThread "Signal Dispatcher"          daemon [_thread_blocked, id=11080, stack(0x0000007547a00000,0x0000007547b00000) (1024K)]
  0x0000018c7f9c7310 JavaThread "Attach Listener"            daemon [_thread_blocked, id=868, stack(0x0000007547b00000,0x0000007547c00000) (1024K)]
  0x0000018c7f9c7d70 JavaThread "Service Thread"             daemon [_thread_blocked, id=3184, stack(0x0000007547c00000,0x0000007547d00000) (1024K)]
  0x0000018c7f9c87d0 JavaThread "Monitor Deflation Thread"   daemon [_thread_blocked, id=8532, stack(0x0000007547d00000,0x0000007547e00000) (1024K)]
=>0x0000018c7f9c9560 JavaThread "C2 CompilerThread0"         daemon [_thread_in_native, id=15084, stack(0x0000007547e00000,0x0000007547f00000) (1024K)]
  0x0000018c7f9cbef0 JavaThread "C1 CompilerThread0"         daemon [_thread_blocked, id=13648, stack(0x0000007547f00000,0x0000007548000000) (1024K)]
  0x0000018c7f98e0d0 JavaThread "Common-Cleaner"             daemon [_thread_blocked, id=12932, stack(0x0000007548000000,0x0000007548100000) (1024K)]
  0x0000018c7fcc5a60 JavaThread "Notification Thread"        daemon [_thread_blocked, id=16860, stack(0x0000007548100000,0x0000007548200000) (1024K)]
  0x0000018c2234b000 JavaThread "Daemon health stats"               [_thread_blocked, id=9036, stack(0x0000007548200000,0x0000007548300000) (1024K)]
  0x0000018c22773470 JavaThread "Incoming local TCP Connector on port 64427"        [_thread_in_native, id=18332, stack(0x0000007548600000,0x0000007548700000) (1024K)]
  0x0000018c218bb890 JavaThread "Daemon periodic checks"            [_thread_blocked, id=4212, stack(0x0000007548700000,0x0000007548800000) (1024K)]
  0x0000018c218bbf00 JavaThread "Daemon"                            [_thread_blocked, id=12388, stack(0x0000007548800000,0x0000007548900000) (1024K)]
  0x0000018c7ff0c520 JavaThread "Handler for socket connection from /127.0.0.1:64427 to /127.0.0.1:64428"        [_thread_in_native, id=20404, stack(0x0000007548900000,0x0000007548a00000) (1024K)]
  0x0000018c229e5340 JavaThread "Cancel handler"                    [_thread_blocked, id=18756, stack(0x0000007548a00000,0x0000007548b00000) (1024K)]
  0x0000018c220dcb80 JavaThread "Daemon worker"                     [_thread_blocked, id=7004, stack(0x0000007548b00000,0x0000007548c00000) (1024K)]
  0x0000018c220fbad0 JavaThread "Asynchronous log dispatcher for DefaultDaemonConnection: socket connection from /127.0.0.1:64427 to /127.0.0.1:64428"        [_thread_blocked, id=17876, stack(0x0000007548c00000,0x0000007548d00000) (1024K)]
  0x0000018c220fc160 JavaThread "Daemon client event forwarder"        [_thread_blocked, id=6736, stack(0x0000007548e00000,0x0000007548f00000) (1024K)]
  0x0000018c220fce80 JavaThread "Cache worker for journal cache (C:\Users\ALI\.gradle\caches\journal-1)"        [_thread_blocked, id=3860, stack(0x0000007548f00000,0x0000007549000000) (1024K)]
  0x0000018c220fc7f0 JavaThread "File lock request listener"        [_thread_in_native, id=9388, stack(0x0000007549000000,0x0000007549100000) (1024K)]
  0x0000018c220fd510 JavaThread "Cache worker for file hash cache (C:\Users\ALI\.gradle\caches\8.5\fileHashes)"        [_thread_blocked, id=3804, stack(0x0000007549100000,0x0000007549200000) (1024K)]
  0x0000018c220fa720 JavaThread "File watcher server"        daemon [_thread_in_native, id=17476, stack(0x0000007549200000,0x0000007549300000) (1024K)]
  0x0000018c220fb440 JavaThread "File lock release action executor"        [_thread_blocked, id=8128, stack(0x0000007549300000,0x0000007549400000) (1024K)]
  0x0000018c24d8ae20 JavaThread "File watcher consumer"      daemon [_thread_blocked, id=6524, stack(0x0000007549400000,0x0000007549500000) (1024K)]
  0x0000018c24d8b4b0 JavaThread "Cache worker for checksums cache (C:\Users\ALI\Desktop\prize_bond\android\.gradle\8.5\checksums)"        [_thread_blocked, id=20356, stack(0x0000007549500000,0x0000007549600000) (1024K)]
  0x0000018c24d8bb40 JavaThread "Cache worker for file hash cache (C:\Users\ALI\Desktop\prize_bond\android\.gradle\8.5\fileHashes)"        [_thread_blocked, id=14904, stack(0x0000007549600000,0x0000007549700000) (1024K)]
  0x0000018c24d893e0 JavaThread "Cache worker for cache directory md-supplier (C:\Users\ALI\.gradle\caches\8.5\md-supplier)"        [_thread_blocked, id=9008, stack(0x0000007549700000,0x0000007549800000) (1024K)]
  0x0000018c24d88d50 JavaThread "Cache worker for cache directory md-rule (C:\Users\ALI\.gradle\caches\8.5\md-rule)"        [_thread_blocked, id=15684, stack(0x0000007549800000,0x0000007549900000) (1024K)]
  0x0000018c24d89a70 JavaThread "Cache worker for file content cache (C:\Users\ALI\.gradle\caches\8.5\fileContent)"        [_thread_blocked, id=2592, stack(0x0000007549900000,0x0000007549a00000) (1024K)]
  0x0000018c24d8a790 JavaThread "Cache worker for execution history cache (C:\Users\ALI\.gradle\caches\8.5\executionHistory)"        [_thread_blocked, id=1184, stack(0x0000007549a00000,0x0000007549b00000) (1024K)]
  0x0000018c25dd4540 JavaThread "jar transforms"                    [_thread_blocked, id=10360, stack(0x0000007549c00000,0x0000007549d00000) (1024K)]
  0x0000018c25dd4bd0 JavaThread "jar transforms Thread 2"           [_thread_blocked, id=4688, stack(0x0000007549b00000,0x0000007549c00000) (1024K)]
  0x0000018c25dd5260 JavaThread "jar transforms Thread 3"           [_thread_blocked, id=16004, stack(0x0000007549d00000,0x0000007549e00000) (1024K)]
  0x0000018c25dd58f0 JavaThread "jar transforms Thread 4"           [_thread_blocked, id=7888, stack(0x0000007549e00000,0x0000007549f00000) (1024K)]
  0x0000018c25dd3eb0 JavaThread "Cache worker for kotlin-dsl (C:\Users\ALI\.gradle\caches\8.5\kotlin-dsl)"        [_thread_blocked, id=19344, stack(0x0000007549f00000,0x000000754a000000) (1024K)]
  0x0000018c21700af0 JavaThread "Unconstrained build operations"        [_thread_blocked, id=3812, stack(0x000000754a300000,0x000000754a400000) (1024K)]
  0x0000018c216fd670 JavaThread "Unconstrained build operations Thread 2"        [_thread_blocked, id=16040, stack(0x000000754a400000,0x000000754a500000) (1024K)]
  0x0000018c216faf10 JavaThread "Cache worker for dependencies-accessors (C:\Users\ALI\Desktop\prize_bond\android\.gradle\8.5\dependencies-accessors)"        [_thread_blocked, id=10996, stack(0x000000754a500000,0x000000754a600000) (1024K)]
  0x0000018c216fbc30 JavaThread "Cache worker for Build Output Cleanup Cache (C:\Users\ALI\Desktop\prize_bond\node_modules\@react-native\gradle-plugin\.gradle\buildOutputCleanup)"        [_thread_blocked, id=14120, stack(0x0000007546e00000,0x0000007546f00000) (1024K)]
  0x0000018c216fe390 JavaThread "Unconstrained build operations Thread 3"        [_thread_blocked, id=9824, stack(0x0000007547000000,0x0000007547100000) (1024K)]
  0x0000018c216fc2c0 JavaThread "Unconstrained build operations Thread 4"        [_thread_blocked, id=1008, stack(0x000000754a600000,0x000000754a700000) (1024K)]
  0x0000018c216f9b60 JavaThread "Unconstrained build operations Thread 5"        [_thread_blocked, id=14736, stack(0x000000754a700000,0x000000754a800000) (1024K)]
  0x0000018c21700460 JavaThread "build event listener"              [_thread_blocked, id=19020, stack(0x000000754a800000,0x000000754a900000) (1024K)]
  0x0000018c216fea20 JavaThread "Memory manager"                    [_thread_blocked, id=8884, stack(0x000000754a900000,0x000000754aa00000) (1024K)]
  0x0000018c216ff740 JavaThread "Cache worker for Build Output Cleanup Cache (C:\Users\ALI\Desktop\prize_bond\android\.gradle\buildOutputCleanup)"        [_thread_blocked, id=12520, stack(0x0000007548d00000,0x0000007548e00000) (1024K)]
  0x0000018c220fdba0 JavaThread "ForkJoinPool.commonPool-worker-1" daemon [_thread_blocked, id=11036, stack(0x000000754ab00000,0x000000754ac00000) (1024K)]
  0x0000018c25dc3560 JavaThread "ForkJoinPool.commonPool-worker-2" daemon [_thread_blocked, id=10104, stack(0x000000754ac00000,0x000000754ad00000) (1024K)]
  0x0000018c25dc2840 JavaThread "ForkJoinPool.commonPool-worker-3" daemon [_thread_blocked, id=13568, stack(0x000000754ad00000,0x000000754ae00000) (1024K)]
  0x0000018c25dc1b20 JavaThread "included builds"                   [_thread_blocked, id=18612, stack(0x000000754af00000,0x000000754b000000) (1024K)]
  0x0000018c25dc2ed0 JavaThread "Execution worker"                  [_thread_blocked, id=13472, stack(0x000000754b000000,0x000000754b100000) (1024K)]
  0x0000018c25dc21b0 JavaThread "Execution worker Thread 2"         [_thread_blocked, id=8912, stack(0x000000754b100000,0x000000754b200000) (1024K)]
  0x0000018c25dc1490 JavaThread "Execution worker Thread 3"         [_thread_blocked, id=13376, stack(0x000000754b200000,0x000000754b300000) (1024K)]
  0x0000018c25dc3bf0 JavaThread "Cache worker for execution history cache (C:\Users\ALI\Desktop\prize_bond\node_modules\@react-native\gradle-plugin\.gradle\8.5\executionHistory)"        [_thread_blocked, id=16504, stack(0x000000754b300000,0x000000754b400000) (1024K)]
  0x0000018c25dc0e00 JavaThread "Unconstrained build operations Thread 6"        [_thread_blocked, id=20108, stack(0x000000754ae00000,0x000000754af00000) (1024K)]
  0x0000018c25dc0770 JavaThread "Unconstrained build operations Thread 7"        [_thread_blocked, id=10376, stack(0x000000754b400000,0x000000754b500000) (1024K)]
  0x0000018c24194ac0 JavaThread "Unconstrained build operations Thread 8"        [_thread_blocked, id=18968, stack(0x000000754b500000,0x000000754b600000) (1024K)]
  0x0000018c2418f570 JavaThread "Unconstrained build operations Thread 9"        [_thread_blocked, id=18324, stack(0x000000754b600000,0x000000754b700000) (1024K)]
  0x0000018c241929f0 JavaThread "Unconstrained build operations Thread 10"        [_thread_blocked, id=18208, stack(0x000000754b700000,0x000000754b800000) (1024K)]
  0x0000018c2418fc00 JavaThread "Unconstrained build operations Thread 11"        [_thread_blocked, id=1460, stack(0x000000754b800000,0x000000754b900000) (1024K)]
  0x0000018c24195150 JavaThread "Unconstrained build operations Thread 12"        [_thread_blocked, id=3092, stack(0x000000754b900000,0x000000754ba00000) (1024K)]
  0x0000018c24193080 JavaThread "Unconstrained build operations Thread 13"        [_thread_blocked, id=18192, stack(0x000000754ba00000,0x000000754bb00000) (1024K)]
  0x0000018c24190290 JavaThread "Unconstrained build operations Thread 14"        [_thread_blocked, id=16628, stack(0x000000754bb00000,0x000000754bc00000) (1024K)]
  0x0000018c24191cd0 JavaThread "Unconstrained build operations Thread 15"        [_thread_blocked, id=13468, stack(0x000000754bc00000,0x000000754bd00000) (1024K)]
  0x0000018c24190920 JavaThread "Unconstrained build operations Thread 16"        [_thread_blocked, id=14576, stack(0x000000754bd00000,0x000000754be00000) (1024K)]
  0x0000018c24191640 JavaThread "build event listener"              [_thread_blocked, id=18408, stack(0x000000754be00000,0x000000754bf00000) (1024K)]
  0x0000018c2698ea30 JavaThread "Unconstrained build operations Thread 17"        [_thread_blocked, id=15600, stack(0x000000754c100000,0x000000754c200000) (1024K)]
  0x0000018c2698c2d0 JavaThread "Unconstrained build operations Thread 18"        [_thread_blocked, id=2808, stack(0x000000754c200000,0x000000754c300000) (1024K)]
  0x0000018c26991820 JavaThread "Unconstrained build operations Thread 19"        [_thread_blocked, id=1872, stack(0x000000754c300000,0x000000754c400000) (1024K)]
  0x0000018c26991eb0 JavaThread "Unconstrained build operations Thread 20"        [_thread_blocked, id=8604, stack(0x000000754c500000,0x000000754c600000) (1024K)]
  0x0000018c2698af20 JavaThread "Unconstrained build operations Thread 21"        [_thread_blocked, id=15460, stack(0x000000754c600000,0x000000754c700000) (1024K)]
  0x0000018c26992540 JavaThread "Unconstrained build operations Thread 22"        [_thread_blocked, id=9852, stack(0x000000754c700000,0x000000754c800000) (1024K)]
  0x0000018c2c9fff00 JavaThread "Unconstrained build operations Thread 23"        [_thread_blocked, id=5356, stack(0x000000754c400000,0x000000754c500000) (1024K)]
  0x0000018c2ca00590 JavaThread "Unconstrained build operations Thread 24"        [_thread_blocked, id=12436, stack(0x000000754c800000,0x000000754c900000) (1024K)]
  0x0000018c2c9fd110 JavaThread "Unconstrained build operations Thread 25"        [_thread_blocked, id=20272, stack(0x000000754c900000,0x000000754ca00000) (1024K)]
  0x0000018c230b1b10 JavaThread "Unconstrained build operations Thread 26"        [_thread_blocked, id=8408, stack(0x000000754ca00000,0x000000754cb00000) (1024K)]
  0x0000018c230af3b0 JavaThread "Unconstrained build operations Thread 27"        [_thread_blocked, id=12596, stack(0x000000754cb00000,0x000000754cc00000) (1024K)]
  0x0000018c230b1480 JavaThread "Unconstrained build operations Thread 28"        [_thread_blocked, id=19212, stack(0x000000754cc00000,0x000000754cd00000) (1024K)]
  0x0000018c2c25f170 JavaThread "Unconstrained build operations Thread 29"        [_thread_blocked, id=6900, stack(0x000000754a000000,0x000000754a100000) (1024K)]
  0x0000018c2c25afd0 JavaThread "Unconstrained build operations Thread 30"        [_thread_blocked, id=16812, stack(0x000000754a100000,0x000000754a200000) (1024K)]
  0x0000018c2c25e450 JavaThread "Unconstrained build operations Thread 31"        [_thread_blocked, id=11672, stack(0x000000754a200000,0x000000754a300000) (1024K)]
  0x0000018c2c25d730 JavaThread "Cache worker for execution history cache (C:\Users\ALI\Desktop\prize_bond\android\.gradle\8.5\executionHistory)"        [_thread_blocked, id=16752, stack(0x000000754cd00000,0x000000754ce00000) (1024K)]
  0x0000018c2c25b660 JavaThread "Unconstrained build operations Thread 32"        [_thread_blocked, id=7968, stack(0x000000754aa00000,0x000000754ab00000) (1024K)]
  0x0000018c2c259c20 JavaThread "Unconstrained build operations Thread 33"        [_thread_blocked, id=13308, stack(0x000000754ce00000,0x000000754cf00000) (1024K)]
  0x0000018c2c25bcf0 JavaThread "Unconstrained build operations Thread 34"        [_thread_blocked, id=8780, stack(0x000000754cf00000,0x000000754d000000) (1024K)]
  0x0000018c26b3b130 JavaThread "C2 CompilerThread1"         daemon [_thread_in_native, id=11708, stack(0x000000754d000000,0x000000754d100000) (1024K)]
Total: 87

Other Threads:
  0x0000018c7f9a3be0 VMThread "VM Thread"                           [id=11756, stack(0x0000007547700000,0x0000007547800000) (1024K)]
  0x0000018c7f98d570 WatcherThread "VM Periodic Task Thread"        [id=7812, stack(0x0000007547600000,0x0000007547700000) (1024K)]
  0x0000018c623587a0 WorkerThread "GC Thread#0"                     [id=372, stack(0x0000007547100000,0x0000007547200000) (1024K)]
  0x0000018c7fe62510 WorkerThread "GC Thread#1"                     [id=13720, stack(0x0000007548300000,0x0000007548400000) (1024K)]
  0x0000018c7fe628b0 WorkerThread "GC Thread#2"                     [id=14236, stack(0x0000007548400000,0x0000007548500000) (1024K)]
  0x0000018c7febca00 WorkerThread "GC Thread#3"                     [id=9724, stack(0x0000007548500000,0x0000007548600000) (1024K)]
  0x0000018c6236a790 ConcurrentGCThread "G1 Main Marker"            [id=3944, stack(0x0000007547200000,0x0000007547300000) (1024K)]
  0x0000018c6236b290 WorkerThread "G1 Conc#0"                       [id=6980, stack(0x0000007547300000,0x0000007547400000) (1024K)]
  0x0000018c623beb30 ConcurrentGCThread "G1 Refine#0"               [id=8308, stack(0x0000007547400000,0x0000007547500000) (1024K)]
  0x0000018c7f84b9f0 ConcurrentGCThread "G1 Service"                [id=11892, stack(0x0000007547500000,0x0000007547600000) (1024K)]
Total: 10

Threads with active compile tasks:
C2 CompilerThread0   190336 15997   !   4       java.nio.file.FileTreeWalker::next (144 bytes)
C2 CompilerThread1   190336 16013       4       org.gradle.internal.snapshot.impl.DirectorySnapshotter$DefaultExcludes$StartMatcher::test (9 bytes)
Total: 2

VM state: not at safepoint (normal execution)

VM Mutex/Monitor currently owned by a thread: None

Heap address: 0x0000000080000000, size: 2048 MB, Compressed Oops mode: 32-bit

CDS archive(s) mapped at: [0x0000018c02000000-0x0000018c02c90000-0x0000018c02c90000), size 13172736, SharedBaseAddress: 0x0000018c02000000, ArchiveRelocationMode: 1.
Compressed class space mapped at: 0x0000018c03000000-0x0000018c1d000000, reserved size: 436207616
Narrow klass base: 0x0000018c02000000, Narrow klass shift: 0, Narrow klass range: 0x100000000

GC Precious Log:
 CardTable entry size: 512
 Card Set container configuration: InlinePtr #cards 5 size 8 Array Of Cards #cards 12 size 40 Howl #buckets 4 coarsen threshold 1843 Howl Bitmap #cards 512 size 80 coarsen threshold 460 Card regions per heap region 1 cards per card region 2048
 CPUs: 4 total, 4 available
 Memory: 8070M
 Large Page Support: Disabled
 NUMA Support: Disabled
 Compressed Oops: Enabled (32-bit)
 Heap Region Size: 1M
 Heap Min Capacity: 8M
 Heap Initial Capacity: 128M
 Heap Max Capacity: 2G
 Pre-touch: Disabled
 Parallel Workers: 4
 Concurrent Workers: 1
 Concurrent Refinement Workers: 4
 Periodic GC: Disabled

Heap:
 garbage-first heap   total 249856K, used 173056K [0x0000000080000000, 0x0000000100000000)
  region size 1024K, 28 young (28672K), 8 survivors (8192K)
 Metaspace       used 108870K, committed 111296K, reserved 557056K
  class space    used 15267K, committed 16448K, reserved 425984K

Heap Regions: E=young(eden), S=young(survivor), O=old, HS=humongous(starts), HC=humongous(continues), CS=collection set, F=free, TAMS=top-at-mark-start, PB=parsable bottom
|   0|0x0000000080000000, 0x0000000080100000, 0x0000000080100000|100%| O|  |TAMS 0x0000000080000000| PB 0x0000000080000000| Untracked 
|   1|0x0000000080100000, 0x0000000080200000, 0x0000000080200000|100%|HS|  |TAMS 0x0000000080100000| PB 0x0000000080100000| Complete 
|   2|0x0000000080200000, 0x0000000080300000, 0x0000000080300000|100%|HC|  |TAMS 0x0000000080200000| PB 0x0000000080200000| Complete 
|   3|0x0000000080300000, 0x0000000080400000, 0x0000000080400000|100%|HC|  |TAMS 0x0000000080300000| PB 0x0000000080300000| Complete 
|   4|0x0000000080400000, 0x0000000080500000, 0x0000000080500000|100%|HC|  |TAMS 0x0000000080400000| PB 0x0000000080400000| Complete 
|   5|0x0000000080500000, 0x0000000080600000, 0x0000000080600000|100%| O|  |TAMS 0x0000000080500000| PB 0x0000000080500000| Untracked 
|   6|0x0000000080600000, 0x0000000080700000, 0x0000000080700000|100%| O|  |TAMS 0x0000000080600000| PB 0x0000000080600000| Untracked 
|   7|0x0000000080700000, 0x0000000080800000, 0x0000000080800000|100%| O|  |TAMS 0x0000000080700000| PB 0x0000000080700000| Untracked 
|   8|0x0000000080800000, 0x0000000080900000, 0x0000000080900000|100%| O|  |TAMS 0x0000000080800000| PB 0x0000000080800000| Untracked 
|   9|0x0000000080900000, 0x0000000080a00000, 0x0000000080a00000|100%| O|  |TAMS 0x0000000080900000| PB 0x0000000080900000| Untracked 
|  10|0x0000000080a00000, 0x0000000080b00000, 0x0000000080b00000|100%| O|  |TAMS 0x0000000080a00000| PB 0x0000000080a00000| Untracked 
|  11|0x0000000080b00000, 0x0000000080c00000, 0x0000000080c00000|100%| O|  |TAMS 0x0000000080b00000| PB 0x0000000080b00000| Untracked 
|  12|0x0000000080c00000, 0x0000000080d00000, 0x0000000080d00000|100%| O|  |TAMS 0x0000000080c00000| PB 0x0000000080c00000| Untracked 
|  13|0x0000000080d00000, 0x0000000080e00000, 0x0000000080e00000|100%| O|  |TAMS 0x0000000080d00000| PB 0x0000000080d00000| Untracked 
|  14|0x0000000080e00000, 0x0000000080f00000, 0x0000000080f00000|100%| O|  |TAMS 0x0000000080e00000| PB 0x0000000080e00000| Untracked 
|  15|0x0000000080f00000, 0x0000000081000000, 0x0000000081000000|100%| O|  |TAMS 0x0000000080f00000| PB 0x0000000080f00000| Untracked 
|  16|0x0000000081000000, 0x0000000081100000, 0x0000000081100000|100%| O|  |TAMS 0x0000000081000000| PB 0x0000000081000000| Untracked 
|  17|0x0000000081100000, 0x0000000081200000, 0x0000000081200000|100%| O|  |TAMS 0x0000000081100000| PB 0x0000000081100000| Untracked 
|  18|0x0000000081200000, 0x0000000081300000, 0x0000000081300000|100%| O|  |TAMS 0x0000000081200000| PB 0x0000000081200000| Untracked 
|  19|0x0000000081300000, 0x0000000081400000, 0x0000000081400000|100%| O|  |TAMS 0x0000000081300000| PB 0x0000000081300000| Untracked 
|  20|0x0000000081400000, 0x0000000081500000, 0x0000000081500000|100%| O|  |TAMS 0x0000000081400000| PB 0x0000000081400000| Untracked 
|  21|0x0000000081500000, 0x0000000081600000, 0x0000000081600000|100%| O|  |TAMS 0x0000000081500000| PB 0x0000000081500000| Untracked 
|  22|0x0000000081600000, 0x0000000081700000, 0x0000000081700000|100%| O|  |TAMS 0x0000000081600000| PB 0x0000000081600000| Untracked 
|  23|0x0000000081700000, 0x0000000081800000, 0x0000000081800000|100%|HS|  |TAMS 0x0000000081700000| PB 0x0000000081700000| Complete 
|  24|0x0000000081800000, 0x0000000081900000, 0x0000000081900000|100%|HC|  |TAMS 0x0000000081800000| PB 0x0000000081800000| Complete 
|  25|0x0000000081900000, 0x0000000081a00000, 0x0000000081a00000|100%| O|  |TAMS 0x0000000081900000| PB 0x0000000081900000| Untracked 
|  26|0x0000000081a00000, 0x0000000081b00000, 0x0000000081b00000|100%| O|  |TAMS 0x0000000081a00000| PB 0x0000000081a00000| Untracked 
|  27|0x0000000081b00000, 0x0000000081c00000, 0x0000000081c00000|100%| O|  |TAMS 0x0000000081b00000| PB 0x0000000081b00000| Untracked 
|  28|0x0000000081c00000, 0x0000000081d00000, 0x0000000081d00000|100%| O|  |TAMS 0x0000000081c00000| PB 0x0000000081c00000| Untracked 
|  29|0x0000000081d00000, 0x0000000081e00000, 0x0000000081e00000|100%| O|  |TAMS 0x0000000081d00000| PB 0x0000000081d00000| Untracked 
|  30|0x0000000081e00000, 0x0000000081f00000, 0x0000000081f00000|100%| O|  |TAMS 0x0000000081e00000| PB 0x0000000081e00000| Untracked 
|  31|0x0000000081f00000, 0x0000000082000000, 0x0000000082000000|100%| O|  |TAMS 0x0000000081f00000| PB 0x0000000081f00000| Untracked 
|  32|0x0000000082000000, 0x0000000082100000, 0x0000000082100000|100%| O|  |TAMS 0x0000000082000000| PB 0x0000000082000000| Untracked 
|  33|0x0000000082100000, 0x0000000082200000, 0x0000000082200000|100%| O|  |TAMS 0x0000000082100000| PB 0x0000000082100000| Untracked 
|  34|0x0000000082200000, 0x0000000082300000, 0x0000000082300000|100%| O|  |TAMS 0x0000000082200000| PB 0x0000000082200000| Untracked 
|  35|0x0000000082300000, 0x0000000082400000, 0x0000000082400000|100%| O|  |TAMS 0x0000000082300000| PB 0x0000000082300000| Untracked 
|  36|0x0000000082400000, 0x0000000082500000, 0x0000000082500000|100%| O|  |TAMS 0x0000000082400000| PB 0x0000000082400000| Untracked 
|  37|0x0000000082500000, 0x0000000082600000, 0x0000000082600000|100%| O|  |TAMS 0x0000000082500000| PB 0x0000000082500000| Untracked 
|  38|0x0000000082600000, 0x0000000082700000, 0x0000000082700000|100%| O|  |TAMS 0x0000000082600000| PB 0x0000000082600000| Untracked 
|  39|0x0000000082700000, 0x0000000082800000, 0x0000000082800000|100%| O|  |TAMS 0x0000000082700000| PB 0x0000000082700000| Untracked 
|  40|0x0000000082800000, 0x0000000082900000, 0x0000000082900000|100%| O|  |TAMS 0x0000000082800000| PB 0x0000000082800000| Untracked 
|  41|0x0000000082900000, 0x0000000082a00000, 0x0000000082a00000|100%| O|  |TAMS 0x0000000082900000| PB 0x0000000082900000| Untracked 
|  42|0x0000000082a00000, 0x0000000082b00000, 0x0000000082b00000|100%| O|  |TAMS 0x0000000082a00000| PB 0x0000000082a00000| Untracked 
|  43|0x0000000082b00000, 0x0000000082c00000, 0x0000000082c00000|100%|HS|  |TAMS 0x0000000082b00000| PB 0x0000000082b00000| Complete 
|  44|0x0000000082c00000, 0x0000000082d00000, 0x0000000082d00000|100%|HC|  |TAMS 0x0000000082c00000| PB 0x0000000082c00000| Complete 
|  45|0x0000000082d00000, 0x0000000082e00000, 0x0000000082e00000|100%| O|  |TAMS 0x0000000082d00000| PB 0x0000000082d00000| Untracked 
|  46|0x0000000082e00000, 0x0000000082f00000, 0x0000000082f00000|100%| O|  |TAMS 0x0000000082e00000| PB 0x0000000082e00000| Untracked 
|  47|0x0000000082f00000, 0x0000000083000000, 0x0000000083000000|100%| O|  |TAMS 0x0000000082f00000| PB 0x0000000082f00000| Untracked 
|  48|0x0000000083000000, 0x0000000083100000, 0x0000000083100000|100%| O|  |TAMS 0x0000000083000000| PB 0x0000000083000000| Untracked 
|  49|0x0000000083100000, 0x0000000083200000, 0x0000000083200000|100%|HS|  |TAMS 0x0000000083100000| PB 0x0000000083100000| Complete 
|  50|0x0000000083200000, 0x0000000083300000, 0x0000000083300000|100%|HC|  |TAMS 0x0000000083200000| PB 0x0000000083200000| Complete 
|  51|0x0000000083300000, 0x0000000083400000, 0x0000000083400000|100%|HC|  |TAMS 0x0000000083300000| PB 0x0000000083300000| Complete 
|  52|0x0000000083400000, 0x0000000083500000, 0x0000000083500000|100%|HC|  |TAMS 0x0000000083400000| PB 0x0000000083400000| Complete 
|  53|0x0000000083500000, 0x0000000083600000, 0x0000000083600000|100%|HS|  |TAMS 0x0000000083500000| PB 0x0000000083500000| Complete 
|  54|0x0000000083600000, 0x0000000083700000, 0x0000000083700000|100%|HC|  |TAMS 0x0000000083600000| PB 0x0000000083600000| Complete 
|  55|0x0000000083700000, 0x0000000083800000, 0x0000000083800000|100%|HC|  |TAMS 0x0000000083700000| PB 0x0000000083700000| Complete 
|  56|0x0000000083800000, 0x0000000083900000, 0x0000000083900000|100%|HC|  |TAMS 0x0000000083800000| PB 0x0000000083800000| Complete 
|  57|0x0000000083900000, 0x0000000083a00000, 0x0000000083a00000|100%| O|  |TAMS 0x0000000083900000| PB 0x0000000083900000| Untracked 
|  58|0x0000000083a00000, 0x0000000083b00000, 0x0000000083b00000|100%| O|  |TAMS 0x0000000083a00000| PB 0x0000000083a00000| Untracked 
|  59|0x0000000083b00000, 0x0000000083c00000, 0x0000000083c00000|100%| O|  |TAMS 0x0000000083b00000| PB 0x0000000083b00000| Untracked 
|  60|0x0000000083c00000, 0x0000000083d00000, 0x0000000083d00000|100%| O|  |TAMS 0x0000000083c00000| PB 0x0000000083c00000| Untracked 
|  61|0x0000000083d00000, 0x0000000083e00000, 0x0000000083e00000|100%| O|  |TAMS 0x0000000083d00000| PB 0x0000000083d00000| Untracked 
|  62|0x0000000083e00000, 0x0000000083f00000, 0x0000000083f00000|100%| O|  |TAMS 0x0000000083e00000| PB 0x0000000083e00000| Untracked 
|  63|0x0000000083f00000, 0x0000000084000000, 0x0000000084000000|100%| O|  |TAMS 0x0000000083f00000| PB 0x0000000083f00000| Untracked 
|  64|0x0000000084000000, 0x0000000084100000, 0x0000000084100000|100%| O|  |TAMS 0x0000000084000000| PB 0x0000000084000000| Untracked 
|  65|0x0000000084100000, 0x0000000084200000, 0x0000000084200000|100%| O|  |TAMS 0x0000000084100000| PB 0x0000000084100000| Untracked 
|  66|0x0000000084200000, 0x0000000084300000, 0x0000000084300000|100%|HS|  |TAMS 0x0000000084200000| PB 0x0000000084200000| Complete 
|  67|0x0000000084300000, 0x0000000084400000, 0x0000000084400000|100%|HS|  |TAMS 0x0000000084300000| PB 0x0000000084300000| Complete 
|  68|0x0000000084400000, 0x0000000084500000, 0x0000000084500000|100%|HS|  |TAMS 0x0000000084400000| PB 0x0000000084400000| Complete 
|  69|0x0000000084500000, 0x0000000084600000, 0x0000000084600000|100%| O|  |TAMS 0x0000000084500000| PB 0x0000000084500000| Untracked 
|  70|0x0000000084600000, 0x0000000084700000, 0x0000000084700000|100%|HS|  |TAMS 0x0000000084600000| PB 0x0000000084600000| Complete 
|  71|0x0000000084700000, 0x0000000084800000, 0x0000000084800000|100%|HS|  |TAMS 0x0000000084700000| PB 0x0000000084700000| Complete 
|  72|0x0000000084800000, 0x0000000084900000, 0x0000000084900000|100%| O|  |TAMS 0x0000000084800000| PB 0x0000000084800000| Untracked 
|  73|0x0000000084900000, 0x0000000084a00000, 0x0000000084a00000|100%| O|  |TAMS 0x0000000084900000| PB 0x0000000084900000| Untracked 
|  74|0x0000000084a00000, 0x0000000084b00000, 0x0000000084b00000|100%| O|  |TAMS 0x0000000084a00000| PB 0x0000000084a00000| Untracked 
|  75|0x0000000084b00000, 0x0000000084c00000, 0x0000000084c00000|100%| O|  |TAMS 0x0000000084b00000| PB 0x0000000084b00000| Untracked 
|  76|0x0000000084c00000, 0x0000000084d00000, 0x0000000084d00000|100%| O|  |TAMS 0x0000000084c00000| PB 0x0000000084c00000| Untracked 
|  77|0x0000000084d00000, 0x0000000084e00000, 0x0000000084e00000|100%| O|  |TAMS 0x0000000084d00000| PB 0x0000000084d00000| Untracked 
|  78|0x0000000084e00000, 0x0000000084f00000, 0x0000000084f00000|100%| O|  |TAMS 0x0000000084e00000| PB 0x0000000084e00000| Untracked 
|  79|0x0000000084f00000, 0x0000000085000000, 0x0000000085000000|100%| O|  |TAMS 0x0000000084f00000| PB 0x0000000084f00000| Untracked 
|  80|0x0000000085000000, 0x0000000085100000, 0x0000000085100000|100%| O|  |TAMS 0x0000000085000000| PB 0x0000000085000000| Untracked 
|  81|0x0000000085100000, 0x0000000085200000, 0x0000000085200000|100%| O|  |TAMS 0x0000000085100000| PB 0x0000000085100000| Untracked 
|  82|0x0000000085200000, 0x0000000085300000, 0x0000000085300000|100%| O|  |TAMS 0x0000000085200000| PB 0x0000000085200000| Untracked 
|  83|0x0000000085300000, 0x0000000085400000, 0x0000000085400000|100%| O|  |TAMS 0x0000000085300000| PB 0x0000000085300000| Untracked 
|  84|0x0000000085400000, 0x0000000085500000, 0x0000000085500000|100%| O|  |TAMS 0x0000000085400000| PB 0x0000000085400000| Untracked 
|  85|0x0000000085500000, 0x0000000085600000, 0x0000000085600000|100%| O|  |TAMS 0x0000000085500000| PB 0x0000000085500000| Untracked 
|  86|0x0000000085600000, 0x0000000085700000, 0x0000000085700000|100%| O|  |TAMS 0x0000000085600000| PB 0x0000000085600000| Untracked 
|  87|0x0000000085700000, 0x0000000085800000, 0x0000000085800000|100%| O|  |TAMS 0x0000000085700000| PB 0x0000000085700000| Untracked 
|  88|0x0000000085800000, 0x0000000085900000, 0x0000000085900000|100%| O|  |TAMS 0x0000000085800000| PB 0x0000000085800000| Untracked 
|  89|0x0000000085900000, 0x0000000085a00000, 0x0000000085a00000|100%| O|  |TAMS 0x0000000085900000| PB 0x0000000085900000| Untracked 
|  90|0x0000000085a00000, 0x0000000085b00000, 0x0000000085b00000|100%|HS|  |TAMS 0x0000000085a00000| PB 0x0000000085a00000| Complete 
|  91|0x0000000085b00000, 0x0000000085c00000, 0x0000000085c00000|100%|HS|  |TAMS 0x0000000085b00000| PB 0x0000000085b00000| Complete 
|  92|0x0000000085c00000, 0x0000000085d00000, 0x0000000085d00000|100%| O|  |TAMS 0x0000000085c00000| PB 0x0000000085c00000| Untracked 
|  93|0x0000000085d00000, 0x0000000085e00000, 0x0000000085e00000|100%|HS|  |TAMS 0x0000000085d00000| PB 0x0000000085d00000| Complete 
|  94|0x0000000085e00000, 0x0000000085f00000, 0x0000000085f00000|100%| O|  |TAMS 0x0000000085e00000| PB 0x0000000085e00000| Untracked 
|  95|0x0000000085f00000, 0x0000000086000000, 0x0000000086000000|100%| O|  |TAMS 0x0000000085f00000| PB 0x0000000085f00000| Untracked 
|  96|0x0000000086000000, 0x0000000086100000, 0x0000000086100000|100%| O|  |TAMS 0x0000000086000000| PB 0x0000000086000000| Untracked 
|  97|0x0000000086100000, 0x0000000086200000, 0x0000000086200000|100%| O|  |TAMS 0x0000000086100000| PB 0x0000000086100000| Untracked 
|  98|0x0000000086200000, 0x0000000086300000, 0x0000000086300000|100%|HS|  |TAMS 0x0000000086200000| PB 0x0000000086200000| Complete 
|  99|0x0000000086300000, 0x0000000086400000, 0x0000000086400000|100%|HC|  |TAMS 0x0000000086300000| PB 0x0000000086300000| Complete 
| 100|0x0000000086400000, 0x0000000086500000, 0x0000000086500000|100%| O|  |TAMS 0x0000000086400000| PB 0x0000000086400000| Untracked 
| 101|0x0000000086500000, 0x0000000086600000, 0x0000000086600000|100%| O|  |TAMS 0x0000000086500000| PB 0x0000000086500000| Untracked 
| 102|0x0000000086600000, 0x0000000086700000, 0x0000000086700000|100%| O|  |TAMS 0x0000000086600000| PB 0x0000000086600000| Untracked 
| 103|0x0000000086700000, 0x0000000086800000, 0x0000000086800000|100%| O|  |TAMS 0x0000000086700000| PB 0x0000000086700000| Untracked 
| 104|0x0000000086800000, 0x0000000086900000, 0x0000000086900000|100%| O|  |TAMS 0x0000000086800000| PB 0x0000000086800000| Untracked 
| 105|0x0000000086900000, 0x0000000086a00000, 0x0000000086a00000|100%| O|  |TAMS 0x0000000086900000| PB 0x0000000086900000| Untracked 
| 106|0x0000000086a00000, 0x0000000086b00000, 0x0000000086b00000|100%| O|  |TAMS 0x0000000086a00000| PB 0x0000000086a00000| Untracked 
| 107|0x0000000086b00000, 0x0000000086c00000, 0x0000000086c00000|100%| O|  |TAMS 0x0000000086b00000| PB 0x0000000086b00000| Untracked 
| 108|0x0000000086c00000, 0x0000000086d00000, 0x0000000086d00000|100%| O|  |TAMS 0x0000000086c00000| PB 0x0000000086c00000| Untracked 
| 109|0x0000000086d00000, 0x0000000086e00000, 0x0000000086e00000|100%| O|  |TAMS 0x0000000086d00000| PB 0x0000000086d00000| Untracked 
| 110|0x0000000086e00000, 0x0000000086f00000, 0x0000000086f00000|100%| O|  |TAMS 0x0000000086e00000| PB 0x0000000086e00000| Untracked 
| 111|0x0000000086f00000, 0x0000000087000000, 0x0000000087000000|100%| O|  |TAMS 0x0000000086f00000| PB 0x0000000086f00000| Untracked 
| 112|0x0000000087000000, 0x0000000087100000, 0x0000000087100000|100%| O|  |TAMS 0x0000000087000000| PB 0x0000000087000000| Untracked 
| 113|0x0000000087100000, 0x0000000087200000, 0x0000000087200000|100%| O|  |TAMS 0x0000000087100000| PB 0x0000000087100000| Untracked 
| 114|0x0000000087200000, 0x0000000087300000, 0x0000000087300000|100%| O|Cm|TAMS 0x0000000087200000| PB 0x0000000087200000| Complete 
| 115|0x0000000087300000, 0x0000000087400000, 0x0000000087400000|100%| O|  |TAMS 0x0000000087300000| PB 0x0000000087300000| Untracked 
| 116|0x0000000087400000, 0x0000000087500000, 0x0000000087500000|100%| O|  |TAMS 0x0000000087400000| PB 0x0000000087400000| Untracked 
| 117|0x0000000087500000, 0x0000000087600000, 0x0000000087600000|100%| O|  |TAMS 0x0000000087500000| PB 0x0000000087500000| Untracked 
| 118|0x0000000087600000, 0x0000000087700000, 0x0000000087700000|100%| O|  |TAMS 0x0000000087600000| PB 0x0000000087600000| Untracked 
| 119|0x0000000087700000, 0x0000000087800000, 0x0000000087800000|100%| O|  |TAMS 0x0000000087700000| PB 0x0000000087700000| Untracked 
| 120|0x0000000087800000, 0x0000000087900000, 0x0000000087900000|100%| O|  |TAMS 0x0000000087800000| PB 0x0000000087800000| Untracked 
| 121|0x0000000087900000, 0x0000000087a00000, 0x0000000087a00000|100%| O|Cm|TAMS 0x0000000087900000| PB 0x0000000087900000| Complete 
| 122|0x0000000087a00000, 0x0000000087b00000, 0x0000000087b00000|100%| O|  |TAMS 0x0000000087a00000| PB 0x0000000087a00000| Untracked 
| 123|0x0000000087b00000, 0x0000000087c00000, 0x0000000087c00000|100%| O|  |TAMS 0x0000000087b00000| PB 0x0000000087b00000| Untracked 
| 124|0x0000000087c00000, 0x0000000087d00000, 0x0000000087d00000|100%| O|  |TAMS 0x0000000087c00000| PB 0x0000000087c00000| Untracked 
| 125|0x0000000087d00000, 0x0000000087e00000, 0x0000000087e00000|100%| O|  |TAMS 0x0000000087d00000| PB 0x0000000087d00000| Untracked 
| 126|0x0000000087e00000, 0x0000000087f00000, 0x0000000087f00000|100%| O|Cm|TAMS 0x0000000087e00000| PB 0x0000000087e00000| Complete 
| 127|0x0000000087f00000, 0x0000000088000000, 0x0000000088000000|100%| O|  |TAMS 0x0000000087f00000| PB 0x0000000087f00000| Untracked 
| 128|0x0000000088000000, 0x0000000088100000, 0x0000000088100000|100%| O|  |TAMS 0x0000000088000000| PB 0x0000000088000000| Untracked 
| 129|0x0000000088100000, 0x0000000088200000, 0x0000000088200000|100%| O|  |TAMS 0x0000000088100000| PB 0x0000000088100000| Untracked 
| 130|0x0000000088200000, 0x0000000088300000, 0x0000000088300000|100%| O|  |TAMS 0x0000000088200000| PB 0x0000000088200000| Untracked 
| 131|0x0000000088300000, 0x0000000088400000, 0x0000000088400000|100%| O|  |TAMS 0x0000000088300000| PB 0x0000000088300000| Untracked 
| 132|0x0000000088400000, 0x0000000088500000, 0x0000000088500000|100%| O|  |TAMS 0x0000000088400000| PB 0x0000000088400000| Untracked 
| 133|0x0000000088500000, 0x0000000088600000, 0x0000000088600000|100%| O|  |TAMS 0x0000000088500000| PB 0x0000000088500000| Untracked 
| 134|0x0000000088600000, 0x0000000088700000, 0x0000000088700000|100%| O|  |TAMS 0x0000000088600000| PB 0x0000000088600000| Untracked 
| 135|0x0000000088700000, 0x0000000088800000, 0x0000000088800000|100%| O|  |TAMS 0x0000000088700000| PB 0x0000000088700000| Untracked 
| 136|0x0000000088800000, 0x0000000088900000, 0x0000000088900000|100%| O|  |TAMS 0x0000000088800000| PB 0x0000000088800000| Untracked 
| 137|0x0000000088900000, 0x0000000088a00000, 0x0000000088a00000|100%| O|  |TAMS 0x0000000088900000| PB 0x0000000088900000| Untracked 
| 138|0x0000000088a00000, 0x0000000088b00000, 0x0000000088b00000|100%| O|  |TAMS 0x0000000088a00000| PB 0x0000000088a00000| Untracked 
| 139|0x0000000088b00000, 0x0000000088b00000, 0x0000000088c00000|  0%| F|  |TAMS 0x0000000088b00000| PB 0x0000000088b00000| Untracked 
| 140|0x0000000088c00000, 0x0000000088c00000, 0x0000000088d00000|  0%| F|  |TAMS 0x0000000088c00000| PB 0x0000000088c00000| Untracked 
| 141|0x0000000088d00000, 0x0000000088d00000, 0x0000000088e00000|  0%| F|  |TAMS 0x0000000088d00000| PB 0x0000000088d00000| Untracked 
| 142|0x0000000088e00000, 0x0000000088e00000, 0x0000000088f00000|  0%| F|  |TAMS 0x0000000088e00000| PB 0x0000000088e00000| Untracked 
| 143|0x0000000088f00000, 0x0000000088f00000, 0x0000000089000000|  0%| F|  |TAMS 0x0000000088f00000| PB 0x0000000088f00000| Untracked 
| 144|0x0000000089000000, 0x0000000089000000, 0x0000000089100000|  0%| F|  |TAMS 0x0000000089000000| PB 0x0000000089000000| Untracked 
| 145|0x0000000089100000, 0x0000000089100000, 0x0000000089200000|  0%| F|  |TAMS 0x0000000089100000| PB 0x0000000089100000| Untracked 
| 146|0x0000000089200000, 0x0000000089200000, 0x0000000089300000|  0%| F|  |TAMS 0x0000000089200000| PB 0x0000000089200000| Untracked 
| 147|0x0000000089300000, 0x0000000089300000, 0x0000000089400000|  0%| F|  |TAMS 0x0000000089300000| PB 0x0000000089300000| Untracked 
| 148|0x0000000089400000, 0x0000000089400000, 0x0000000089500000|  0%| F|  |TAMS 0x0000000089400000| PB 0x0000000089400000| Untracked 
| 149|0x0000000089500000, 0x0000000089500000, 0x0000000089600000|  0%| F|  |TAMS 0x0000000089500000| PB 0x0000000089500000| Untracked 
| 150|0x0000000089600000, 0x0000000089600000, 0x0000000089700000|  0%| F|  |TAMS 0x0000000089600000| PB 0x0000000089600000| Untracked 
| 151|0x0000000089700000, 0x0000000089700000, 0x0000000089800000|  0%| F|  |TAMS 0x0000000089700000| PB 0x0000000089700000| Untracked 
| 152|0x0000000089800000, 0x0000000089800000, 0x0000000089900000|  0%| F|  |TAMS 0x0000000089800000| PB 0x0000000089800000| Untracked 
| 153|0x0000000089900000, 0x0000000089900000, 0x0000000089a00000|  0%| F|  |TAMS 0x0000000089900000| PB 0x0000000089900000| Untracked 
| 154|0x0000000089a00000, 0x0000000089a00000, 0x0000000089b00000|  0%| F|  |TAMS 0x0000000089a00000| PB 0x0000000089a00000| Untracked 
| 155|0x0000000089b00000, 0x0000000089b00000, 0x0000000089c00000|  0%| F|  |TAMS 0x0000000089b00000| PB 0x0000000089b00000| Untracked 
| 156|0x0000000089c00000, 0x0000000089c00000, 0x0000000089d00000|  0%| F|  |TAMS 0x0000000089c00000| PB 0x0000000089c00000| Untracked 
| 157|0x0000000089d00000, 0x0000000089d00000, 0x0000000089e00000|  0%| F|  |TAMS 0x0000000089d00000| PB 0x0000000089d00000| Untracked 
| 158|0x0000000089e00000, 0x0000000089e00000, 0x0000000089f00000|  0%| F|  |TAMS 0x0000000089e00000| PB 0x0000000089e00000| Untracked 
| 159|0x0000000089f00000, 0x0000000089f00000, 0x000000008a000000|  0%| F|  |TAMS 0x0000000089f00000| PB 0x0000000089f00000| Untracked 
| 160|0x000000008a000000, 0x000000008a000000, 0x000000008a100000|  0%| F|  |TAMS 0x000000008a000000| PB 0x000000008a000000| Untracked 
| 161|0x000000008a100000, 0x000000008a100000, 0x000000008a200000|  0%| F|  |TAMS 0x000000008a100000| PB 0x000000008a100000| Untracked 
| 162|0x000000008a200000, 0x000000008a200000, 0x000000008a300000|  0%| F|  |TAMS 0x000000008a200000| PB 0x000000008a200000| Untracked 
| 163|0x000000008a300000, 0x000000008a300000, 0x000000008a400000|  0%| F|  |TAMS 0x000000008a300000| PB 0x000000008a300000| Untracked 
| 164|0x000000008a400000, 0x000000008a400000, 0x000000008a500000|  0%| F|  |TAMS 0x000000008a400000| PB 0x000000008a400000| Untracked 
| 165|0x000000008a500000, 0x000000008a500000, 0x000000008a600000|  0%| F|  |TAMS 0x000000008a500000| PB 0x000000008a500000| Untracked 
| 166|0x000000008a600000, 0x000000008a600000, 0x000000008a700000|  0%| F|  |TAMS 0x000000008a600000| PB 0x000000008a600000| Untracked 
| 167|0x000000008a700000, 0x000000008a700000, 0x000000008a800000|  0%| F|  |TAMS 0x000000008a700000| PB 0x000000008a700000| Untracked 
| 168|0x000000008a800000, 0x000000008a800000, 0x000000008a900000|  0%| F|  |TAMS 0x000000008a800000| PB 0x000000008a800000| Untracked 
| 169|0x000000008a900000, 0x000000008a900000, 0x000000008aa00000|  0%| F|  |TAMS 0x000000008a900000| PB 0x000000008a900000| Untracked 
| 170|0x000000008aa00000, 0x000000008aa00000, 0x000000008ab00000|  0%| F|  |TAMS 0x000000008aa00000| PB 0x000000008aa00000| Untracked 
| 171|0x000000008ab00000, 0x000000008ab00000, 0x000000008ac00000|  0%| F|  |TAMS 0x000000008ab00000| PB 0x000000008ab00000| Untracked 
| 172|0x000000008ac00000, 0x000000008ac00000, 0x000000008ad00000|  0%| F|  |TAMS 0x000000008ac00000| PB 0x000000008ac00000| Untracked 
| 173|0x000000008ad00000, 0x000000008ae00000, 0x000000008ae00000|100%| S|CS|TAMS 0x000000008ad00000| PB 0x000000008ad00000| Complete 
| 174|0x000000008ae00000, 0x000000008af00000, 0x000000008af00000|100%| S|CS|TAMS 0x000000008ae00000| PB 0x000000008ae00000| Complete 
| 175|0x000000008af00000, 0x000000008b000000, 0x000000008b000000|100%| S|CS|TAMS 0x000000008af00000| PB 0x000000008af00000| Complete 
| 176|0x000000008b000000, 0x000000008b100000, 0x000000008b100000|100%| S|CS|TAMS 0x000000008b000000| PB 0x000000008b000000| Complete 
| 177|0x000000008b100000, 0x000000008b200000, 0x000000008b200000|100%| S|CS|TAMS 0x000000008b100000| PB 0x000000008b100000| Complete 
| 178|0x000000008b200000, 0x000000008b300000, 0x000000008b300000|100%| S|CS|TAMS 0x000000008b200000| PB 0x000000008b200000| Complete 
| 179|0x000000008b300000, 0x000000008b400000, 0x000000008b400000|100%| S|CS|TAMS 0x000000008b300000| PB 0x000000008b300000| Complete 
| 180|0x000000008b400000, 0x000000008b500000, 0x000000008b500000|100%| S|CS|TAMS 0x000000008b400000| PB 0x000000008b400000| Complete 
| 181|0x000000008b500000, 0x000000008b500000, 0x000000008b600000|  0%| F|  |TAMS 0x000000008b500000| PB 0x000000008b500000| Untracked 
| 182|0x000000008b600000, 0x000000008b600000, 0x000000008b700000|  0%| F|  |TAMS 0x000000008b600000| PB 0x000000008b600000| Untracked 
| 183|0x000000008b700000, 0x000000008b700000, 0x000000008b800000|  0%| F|  |TAMS 0x000000008b700000| PB 0x000000008b700000| Untracked 
| 184|0x000000008b800000, 0x000000008b800000, 0x000000008b900000|  0%| F|  |TAMS 0x000000008b800000| PB 0x000000008b800000| Untracked 
| 185|0x000000008b900000, 0x000000008b900000, 0x000000008ba00000|  0%| F|  |TAMS 0x000000008b900000| PB 0x000000008b900000| Untracked 
| 186|0x000000008ba00000, 0x000000008ba00000, 0x000000008bb00000|  0%| F|  |TAMS 0x000000008ba00000| PB 0x000000008ba00000| Untracked 
| 187|0x000000008bb00000, 0x000000008bb00000, 0x000000008bc00000|  0%| F|  |TAMS 0x000000008bb00000| PB 0x000000008bb00000| Untracked 
| 188|0x000000008bc00000, 0x000000008bc00000, 0x000000008bd00000|  0%| F|  |TAMS 0x000000008bc00000| PB 0x000000008bc00000| Untracked 
| 189|0x000000008bd00000, 0x000000008bd00000, 0x000000008be00000|  0%| F|  |TAMS 0x000000008bd00000| PB 0x000000008bd00000| Untracked 
| 190|0x000000008be00000, 0x000000008be00000, 0x000000008bf00000|  0%| F|  |TAMS 0x000000008be00000| PB 0x000000008be00000| Untracked 
| 191|0x000000008bf00000, 0x000000008bf00000, 0x000000008c000000|  0%| F|  |TAMS 0x000000008bf00000| PB 0x000000008bf00000| Untracked 
| 192|0x000000008c000000, 0x000000008c000000, 0x000000008c100000|  0%| F|  |TAMS 0x000000008c000000| PB 0x000000008c000000| Untracked 
| 193|0x000000008c100000, 0x000000008c100000, 0x000000008c200000|  0%| F|  |TAMS 0x000000008c100000| PB 0x000000008c100000| Untracked 
| 194|0x000000008c200000, 0x000000008c200000, 0x000000008c300000|  0%| F|  |TAMS 0x000000008c200000| PB 0x000000008c200000| Untracked 
| 195|0x000000008c300000, 0x000000008c300000, 0x000000008c400000|  0%| F|  |TAMS 0x000000008c300000| PB 0x000000008c300000| Untracked 
| 196|0x000000008c400000, 0x000000008c400000, 0x000000008c500000|  0%| F|  |TAMS 0x000000008c400000| PB 0x000000008c400000| Untracked 
| 197|0x000000008c500000, 0x000000008c500000, 0x000000008c600000|  0%| F|  |TAMS 0x000000008c500000| PB 0x000000008c500000| Untracked 
| 198|0x000000008c600000, 0x000000008c600000, 0x000000008c700000|  0%| F|  |TAMS 0x000000008c600000| PB 0x000000008c600000| Untracked 
| 199|0x000000008c700000, 0x000000008c700000, 0x000000008c800000|  0%| F|  |TAMS 0x000000008c700000| PB 0x000000008c700000| Untracked 
| 200|0x000000008c800000, 0x000000008c800000, 0x000000008c900000|  0%| F|  |TAMS 0x000000008c800000| PB 0x000000008c800000| Untracked 
| 201|0x000000008c900000, 0x000000008c900000, 0x000000008ca00000|  0%| F|  |TAMS 0x000000008c900000| PB 0x000000008c900000| Untracked 
| 202|0x000000008ca00000, 0x000000008ca00000, 0x000000008cb00000|  0%| F|  |TAMS 0x000000008ca00000| PB 0x000000008ca00000| Untracked 
| 203|0x000000008cb00000, 0x000000008cb00000, 0x000000008cc00000|  0%| F|  |TAMS 0x000000008cb00000| PB 0x000000008cb00000| Untracked 
| 204|0x000000008cc00000, 0x000000008cc00000, 0x000000008cd00000|  0%| F|  |TAMS 0x000000008cc00000| PB 0x000000008cc00000| Untracked 
| 205|0x000000008cd00000, 0x000000008cd00000, 0x000000008ce00000|  0%| F|  |TAMS 0x000000008cd00000| PB 0x000000008cd00000| Untracked 
| 206|0x000000008ce00000, 0x000000008ce00000, 0x000000008cf00000|  0%| F|  |TAMS 0x000000008ce00000| PB 0x000000008ce00000| Untracked 
| 207|0x000000008cf00000, 0x000000008cf00000, 0x000000008d000000|  0%| F|  |TAMS 0x000000008cf00000| PB 0x000000008cf00000| Untracked 
| 208|0x000000008d000000, 0x000000008d000000, 0x000000008d100000|  0%| F|  |TAMS 0x000000008d000000| PB 0x000000008d000000| Untracked 
| 209|0x000000008d100000, 0x000000008d100000, 0x000000008d200000|  0%| F|  |TAMS 0x000000008d100000| PB 0x000000008d100000| Untracked 
| 210|0x000000008d200000, 0x000000008d200000, 0x000000008d300000|  0%| F|  |TAMS 0x000000008d200000| PB 0x000000008d200000| Untracked 
| 211|0x000000008d300000, 0x000000008d300000, 0x000000008d400000|  0%| F|  |TAMS 0x000000008d300000| PB 0x000000008d300000| Untracked 
| 212|0x000000008d400000, 0x000000008d400000, 0x000000008d500000|  0%| F|  |TAMS 0x000000008d400000| PB 0x000000008d400000| Untracked 
| 213|0x000000008d500000, 0x000000008d500000, 0x000000008d600000|  0%| F|  |TAMS 0x000000008d500000| PB 0x000000008d500000| Untracked 
| 214|0x000000008d600000, 0x000000008d600000, 0x000000008d700000|  0%| F|  |TAMS 0x000000008d600000| PB 0x000000008d600000| Untracked 
| 215|0x000000008d700000, 0x000000008d700000, 0x000000008d800000|  0%| F|  |TAMS 0x000000008d700000| PB 0x000000008d700000| Untracked 
| 216|0x000000008d800000, 0x000000008d800000, 0x000000008d900000|  0%| F|  |TAMS 0x000000008d800000| PB 0x000000008d800000| Untracked 
| 217|0x000000008d900000, 0x000000008d900000, 0x000000008da00000|  0%| F|  |TAMS 0x000000008d900000| PB 0x000000008d900000| Untracked 
| 218|0x000000008da00000, 0x000000008da00000, 0x000000008db00000|  0%| F|  |TAMS 0x000000008da00000| PB 0x000000008da00000| Untracked 
| 219|0x000000008db00000, 0x000000008db00000, 0x000000008dc00000|  0%| F|  |TAMS 0x000000008db00000| PB 0x000000008db00000| Untracked 
| 220|0x000000008dc00000, 0x000000008dc00000, 0x000000008dd00000|  0%| F|  |TAMS 0x000000008dc00000| PB 0x000000008dc00000| Untracked 
| 221|0x000000008dd00000, 0x000000008ddb7e58, 0x000000008de00000| 71%| E|  |TAMS 0x000000008dd00000| PB 0x000000008dd00000| Complete 
| 222|0x000000008de00000, 0x000000008df00000, 0x000000008df00000|100%| E|CS|TAMS 0x000000008de00000| PB 0x000000008de00000| Complete 
| 223|0x000000008df00000, 0x000000008e000000, 0x000000008e000000|100%| E|CS|TAMS 0x000000008df00000| PB 0x000000008df00000| Complete 
| 224|0x000000008e000000, 0x000000008e100000, 0x000000008e100000|100%| E|CS|TAMS 0x000000008e000000| PB 0x000000008e000000| Complete 
| 225|0x000000008e100000, 0x000000008e200000, 0x000000008e200000|100%| E|CS|TAMS 0x000000008e100000| PB 0x000000008e100000| Complete 
| 226|0x000000008e200000, 0x000000008e300000, 0x000000008e300000|100%| E|CS|TAMS 0x000000008e200000| PB 0x000000008e200000| Complete 
| 227|0x000000008e300000, 0x000000008e400000, 0x000000008e400000|100%| E|CS|TAMS 0x000000008e300000| PB 0x000000008e300000| Complete 
| 228|0x000000008e400000, 0x000000008e500000, 0x000000008e500000|100%| E|CS|TAMS 0x000000008e400000| PB 0x000000008e400000| Complete 
| 229|0x000000008e500000, 0x000000008e600000, 0x000000008e600000|100%| E|CS|TAMS 0x000000008e500000| PB 0x000000008e500000| Complete 
| 230|0x000000008e600000, 0x000000008e700000, 0x000000008e700000|100%| E|CS|TAMS 0x000000008e600000| PB 0x000000008e600000| Complete 
| 231|0x000000008e700000, 0x000000008e800000, 0x000000008e800000|100%| E|CS|TAMS 0x000000008e700000| PB 0x000000008e700000| Complete 
| 232|0x000000008e800000, 0x000000008e900000, 0x000000008e900000|100%| E|CS|TAMS 0x000000008e800000| PB 0x000000008e800000| Complete 
| 233|0x000000008e900000, 0x000000008ea00000, 0x000000008ea00000|100%| E|CS|TAMS 0x000000008e900000| PB 0x000000008e900000| Complete 
| 234|0x000000008ea00000, 0x000000008eb00000, 0x000000008eb00000|100%| E|CS|TAMS 0x000000008ea00000| PB 0x000000008ea00000| Complete 
| 235|0x000000008eb00000, 0x000000008ec00000, 0x000000008ec00000|100%| E|CS|TAMS 0x000000008eb00000| PB 0x000000008eb00000| Complete 
| 236|0x000000008ec00000, 0x000000008ed00000, 0x000000008ed00000|100%| E|CS|TAMS 0x000000008ec00000| PB 0x000000008ec00000| Complete 
| 237|0x000000008ed00000, 0x000000008ee00000, 0x000000008ee00000|100%| E|CS|TAMS 0x000000008ed00000| PB 0x000000008ed00000| Complete 
|2042|0x00000000ffa00000, 0x00000000ffb00000, 0x00000000ffb00000|100%| O|  |TAMS 0x00000000ffa00000| PB 0x00000000ffa00000| Untracked 
|2043|0x00000000ffb00000, 0x00000000ffc00000, 0x00000000ffc00000|100%| O|  |TAMS 0x00000000ffb00000| PB 0x00000000ffb00000| Untracked 
|2044|0x00000000ffc00000, 0x00000000ffd00000, 0x00000000ffd00000|100%| E|CS|TAMS 0x00000000ffc00000| PB 0x00000000ffc00000| Complete 
|2045|0x00000000ffd00000, 0x00000000ffe00000, 0x00000000ffe00000|100%| E|CS|TAMS 0x00000000ffd00000| PB 0x00000000ffd00000| Complete 
|2046|0x00000000ffe00000, 0x00000000fff00000, 0x00000000fff00000|100%| E|CS|TAMS 0x00000000ffe00000| PB 0x00000000ffe00000| Complete 
|2047|0x00000000fff00000, 0x0000000100000000, 0x0000000100000000|100%| O|  |TAMS 0x00000000fff00000| PB 0x00000000fff00000| Untracked 

Card table byte_map: [0x0000018c7cf90000,0x0000018c7d390000] _byte_map_base: 0x0000018c7cb90000

Marking Bits: (CMBitMap*) 0x0000018c62359eb0
 Bits: [0x0000018c7d390000, 0x0000018c7f390000)

Polling page: 0x0000018c623c0000

Metaspace:

Usage:
  Non-class:     91.41 MB used.
      Class:     14.91 MB used.
       Both:    106.32 MB used.

Virtual space:
  Non-class space:      128.00 MB reserved,      92.62 MB ( 72%) committed,  2 nodes.
      Class space:      416.00 MB reserved,      16.06 MB (  4%) committed,  1 nodes.
             Both:      544.00 MB reserved,     108.69 MB ( 20%) committed. 

Chunk freelists:
   Non-Class:  3.08 MB
       Class:  15.75 MB
        Both:  18.83 MB

MaxMetaspaceSize: 512.00 MB
CompressedClassSpaceSize: 416.00 MB
Initial GC threshold: 21.00 MB
Current GC threshold: 180.56 MB
CDS: on
 - commit_granule_bytes: 65536.
 - commit_granule_words: 8192.
 - virtual_space_node_default_size: 8388608.
 - enlarge_chunks_in_place: 1.
 - use_allocation_guard: 0.


Internal statistics:

num_allocs_failed_limit: 9.
num_arena_births: 4268.
num_arena_deaths: 0.
num_vsnodes_births: 3.
num_vsnodes_deaths: 0.
num_space_committed: 1739.
num_space_uncommitted: 0.
num_chunks_returned_to_freelist: 9.
num_chunks_taken_from_freelist: 9324.
num_chunk_merges: 9.
num_chunk_splits: 6126.
num_chunks_enlarged: 3874.
num_inconsistent_stats: 0.

CodeHeap 'non-profiled nmethods': size=120000Kb used=8802Kb max_used=8802Kb free=111197Kb
 bounds [0x0000018c75030000, 0x0000018c758d0000, 0x0000018c7c560000]
CodeHeap 'profiled nmethods': size=120000Kb used=26296Kb max_used=26696Kb free=93703Kb
 bounds [0x0000018c6d560000, 0x0000018c6ef80000, 0x0000018c74a90000]
CodeHeap 'non-nmethods': size=5760Kb used=2891Kb max_used=2964Kb free=2868Kb
 bounds [0x0000018c74a90000, 0x0000018c74d90000, 0x0000018c75030000]
 total_blobs=14574 nmethods=13589 adapters=888
 compilation: enabled
              stopped_count=0, restarted_count=0
 full_count=0

Compilation events (20 events):
Event: 190.114 Thread 0x0000018c7f9cbef0 16002       3       org.gradle.internal.snapshot.impl.DirectorySnapshotter$PathVisitor::doPostVisitDirectory (85 bytes)
Event: 190.115 Thread 0x0000018c7f9cbef0 nmethod 16002 0x0000018c6dcd2d10 code [0x0000018c6dcd3040, 0x0000018c6dcd4528]
Event: 190.115 Thread 0x0000018c7f9cbef0 16003       3       org.gradle.internal.snapshot.impl.DirectorySnapshotter$PathVisitor::isNotFileSystemLoopException (17 bytes)
Event: 190.116 Thread 0x0000018c7f9cbef0 nmethod 16003 0x0000018c6e8cfb90 code [0x0000018c6e8cfd40, 0x0000018c6e8d0018]
Event: 190.116 Thread 0x0000018c7f9cbef0 16004       3       org.gradle.internal.snapshot.impl.FilteredTrackingMerkleDirectorySnapshotBuilder::isCurrentLevelUnfiltered (16 bytes)
Event: 190.116 Thread 0x0000018c7f9cbef0 nmethod 16004 0x0000018c6dcd2790 code [0x0000018c6dcd2940, 0x0000018c6dcd2c30]
Event: 190.116 Thread 0x0000018c7f9cbef0 16005       3       org.gradle.internal.snapshot.impl.FilteredTrackingMerkleDirectorySnapshotBuilder::leaveDirectory (90 bytes)
Event: 190.117 Thread 0x0000018c7f9cbef0 nmethod 16005 0x0000018c6e4c5290 code [0x0000018c6e4c54e0, 0x0000018c6e4c5fd8]
Event: 190.182 Thread 0x0000018c7f9cbef0 16007       3       com.esotericsoftware.kryo.io.Input::readUtf8_slow (255 bytes)
Event: 190.183 Thread 0x0000018c7f9cbef0 nmethod 16007 0x0000018c6dcd1a10 code [0x0000018c6dcd1c20, 0x0000018c6dcd22e0]
Event: 190.185 Thread 0x0000018c7f9cbef0 16008       3       com.google.common.collect.ImmutableList::copyOf (50 bytes)
Event: 190.186 Thread 0x0000018c7f9cbef0 nmethod 16008 0x0000018c6e4c4110 code [0x0000018c6e4c4380, 0x0000018c6e4c4e90]
Event: 190.186 Thread 0x0000018c7f9cbef0 16009   !   3       java.io.BufferedReader::close (63 bytes)
Event: 190.187 Thread 0x0000018c7f9cbef0 nmethod 16009 0x0000018c6d783690 code [0x0000018c6d783940, 0x0000018c6d784798]
Event: 190.187 Thread 0x0000018c7f9cbef0 16010   !   3       java.io.BufferedReader::implClose (42 bytes)
Event: 190.187 Thread 0x0000018c7f9cbef0 nmethod 16010 0x0000018c6e4c3b10 code [0x0000018c6e4c3ce0, 0x0000018c6e4c4020]
Event: 190.188 Thread 0x0000018c7f9cbef0 16011       3       org.gradle.internal.execution.steps.CaptureStateBeforeExecutionStep$ImplementationsBuilder::visitImplementation (25 bytes)
Event: 190.188 Thread 0x0000018c7f9cbef0 nmethod 16011 0x0000018c6e8cf710 code [0x0000018c6e8cf8c0, 0x0000018c6e8cfad8]
Event: 190.189 Thread 0x0000018c7f9cbef0 16012       3       org.gradle.internal.execution.steps.IdentityCacheStep$$Lambda/0x0000018c03b1d1f8::get (24 bytes)
Event: 190.189 Thread 0x0000018c7f9cbef0 nmethod 16012 0x0000018c6e4c3710 code [0x0000018c6e4c38c0, 0x0000018c6e4c3a18]

GC Heap History (20 events):
Event: 112.651 GC heap before
{Heap before GC invocations=36 (full 0):
 garbage-first heap   total 171008K, used 151127K [0x0000000080000000, 0x0000000100000000)
  region size 1024K, 53 young (54272K), 2 survivors (2048K)
 Metaspace       used 92734K, committed 94976K, reserved 557056K
  class space    used 13207K, committed 14336K, reserved 425984K
}
Event: 112.660 GC heap after
{Heap after GC invocations=37 (full 0):
 garbage-first heap   total 171008K, used 98534K [0x0000000080000000, 0x0000000100000000)
  region size 1024K, 3 young (3072K), 3 survivors (3072K)
 Metaspace       used 92734K, committed 94976K, reserved 557056K
  class space    used 13207K, committed 14336K, reserved 425984K
}
Event: 116.529 GC heap before
{Heap before GC invocations=37 (full 0):
 garbage-first heap   total 171008K, used 157926K [0x0000000080000000, 0x0000000100000000)
  region size 1024K, 61 young (62464K), 3 survivors (3072K)
 Metaspace       used 95828K, committed 98176K, reserved 557056K
  class space    used 13633K, committed 14784K, reserved 425984K
}
Event: 116.543 GC heap after
{Heap after GC invocations=38 (full 0):
 garbage-first heap   total 171008K, used 103335K [0x0000000080000000, 0x0000000100000000)
  region size 1024K, 8 young (8192K), 8 survivors (8192K)
 Metaspace       used 95828K, committed 98176K, reserved 557056K
  class space    used 13633K, committed 14784K, reserved 425984K
}
Event: 119.526 GC heap before
{Heap before GC invocations=38 (full 0):
 garbage-first heap   total 171008K, used 145319K [0x0000000080000000, 0x0000000100000000)
  region size 1024K, 50 young (51200K), 8 survivors (8192K)
 Metaspace       used 96991K, committed 99328K, reserved 557056K
  class space    used 13821K, committed 14976K, reserved 425984K
}
Event: 119.542 GC heap after
{Heap after GC invocations=39 (full 0):
 garbage-first heap   total 171008K, used 109060K [0x0000000080000000, 0x0000000100000000)
  region size 1024K, 7 young (7168K), 7 survivors (7168K)
 Metaspace       used 96991K, committed 99328K, reserved 557056K
  class space    used 13821K, committed 14976K, reserved 425984K
}
Event: 122.731 GC heap before
{Heap before GC invocations=40 (full 0):
 garbage-first heap   total 199680K, used 156164K [0x0000000080000000, 0x0000000100000000)
  region size 1024K, 48 young (49152K), 7 survivors (7168K)
 Metaspace       used 97562K, committed 99968K, reserved 557056K
  class space    used 13882K, committed 15040K, reserved 425984K
}
Event: 122.749 GC heap after
{Heap after GC invocations=41 (full 0):
 garbage-first heap   total 199680K, used 127488K [0x0000000080000000, 0x0000000100000000)
  region size 1024K, 6 young (6144K), 6 survivors (6144K)
 Metaspace       used 97562K, committed 99968K, reserved 557056K
  class space    used 13882K, committed 15040K, reserved 425984K
}
Event: 126.932 GC heap before
{Heap before GC invocations=41 (full 0):
 garbage-first heap   total 199680K, used 173568K [0x0000000080000000, 0x0000000100000000)
  region size 1024K, 51 young (52224K), 6 survivors (6144K)
 Metaspace       used 99452K, committed 101888K, reserved 557056K
  class space    used 14095K, committed 15296K, reserved 425984K
}
Event: 126.947 GC heap after
{Heap after GC invocations=42 (full 0):
 garbage-first heap   total 199680K, used 133062K [0x0000000080000000, 0x0000000100000000)
  region size 1024K, 6 young (6144K), 6 survivors (6144K)
 Metaspace       used 99452K, committed 101888K, reserved 557056K
  class space    used 14095K, committed 15296K, reserved 425984K
}
Event: 130.156 GC heap before
{Heap before GC invocations=42 (full 0):
 garbage-first heap   total 199680K, used 177094K [0x0000000080000000, 0x0000000100000000)
  region size 1024K, 49 young (50176K), 6 survivors (6144K)
 Metaspace       used 102664K, committed 105024K, reserved 557056K
  class space    used 14583K, committed 15744K, reserved 425984K
}
Event: 130.167 GC heap after
{Heap after GC invocations=43 (full 0):
 garbage-first heap   total 199680K, used 135828K [0x0000000080000000, 0x0000000100000000)
  region size 1024K, 3 young (3072K), 3 survivors (3072K)
 Metaspace       used 102664K, committed 105024K, reserved 557056K
  class space    used 14583K, committed 15744K, reserved 425984K
}
Event: 134.192 GC heap before
{Heap before GC invocations=44 (full 0):
 garbage-first heap   total 232448K, used 179860K [0x0000000080000000, 0x0000000100000000)
  region size 1024K, 46 young (47104K), 3 survivors (3072K)
 Metaspace       used 106158K, committed 108608K, reserved 557056K
  class space    used 14977K, committed 16192K, reserved 425984K
}
Event: 134.205 GC heap after
{Heap after GC invocations=45 (full 0):
 garbage-first heap   total 232448K, used 139080K [0x0000000080000000, 0x0000000100000000)
  region size 1024K, 6 young (6144K), 6 survivors (6144K)
 Metaspace       used 106158K, committed 108608K, reserved 557056K
  class space    used 14977K, committed 16192K, reserved 425984K
}
Event: 136.355 GC heap before
{Heap before GC invocations=45 (full 0):
 garbage-first heap   total 232448K, used 201544K [0x0000000080000000, 0x0000000100000000)
  region size 1024K, 67 young (68608K), 6 survivors (6144K)
 Metaspace       used 107689K, committed 110144K, reserved 557056K
  class space    used 15153K, committed 16384K, reserved 425984K
}
Event: 136.374 GC heap after
{Heap after GC invocations=46 (full 0):
 garbage-first heap   total 232448K, used 143172K [0x0000000080000000, 0x0000000100000000)
  region size 1024K, 9 young (9216K), 9 survivors (9216K)
 Metaspace       used 107689K, committed 110144K, reserved 557056K
  class space    used 15153K, committed 16384K, reserved 425984K
}
Event: 166.068 GC heap before
{Heap before GC invocations=46 (full 0):
 garbage-first heap   total 232448K, used 203588K [0x0000000080000000, 0x0000000100000000)
  region size 1024K, 69 young (70656K), 9 survivors (9216K)
 Metaspace       used 108420K, committed 110912K, reserved 557056K
  class space    used 15229K, committed 16448K, reserved 425984K
}
Event: 166.090 GC heap after
{Heap after GC invocations=47 (full 0):
 garbage-first heap   total 232448K, used 147221K [0x0000000080000000, 0x0000000100000000)
  region size 1024K, 4 young (4096K), 4 survivors (4096K)
 Metaspace       used 108420K, committed 110912K, reserved 557056K
  class space    used 15229K, committed 16448K, reserved 425984K
}
Event: 190.148 GC heap before
{Heap before GC invocations=48 (full 0):
 garbage-first heap   total 249856K, used 207637K [0x0000000080000000, 0x0000000100000000)
  region size 1024K, 64 young (65536K), 4 survivors (4096K)
 Metaspace       used 108866K, committed 111296K, reserved 557056K
  class space    used 15267K, committed 16448K, reserved 425984K
}
Event: 190.161 GC heap after
{Heap after GC invocations=49 (full 0):
 garbage-first heap   total 249856K, used 153600K [0x0000000080000000, 0x0000000100000000)
  region size 1024K, 8 young (8192K), 8 survivors (8192K)
 Metaspace       used 108866K, committed 111296K, reserved 557056K
  class space    used 15267K, committed 16448K, reserved 425984K
}

Dll operation events (15 events):
Event: 0.036 Loaded shared library C:\Users\ALI\Downloads\openlogic-openjdk-21.0.3+1-windows-x64\openlogic-openjdk-21.0.3+1-windows-x64\bin\java.dll
Event: 0.952 Loaded shared library C:\Users\ALI\Downloads\openlogic-openjdk-21.0.3+1-windows-x64\openlogic-openjdk-21.0.3+1-windows-x64\bin\jsvml.dll
Event: 0.954 Loaded shared library C:\Users\ALI\Downloads\openlogic-openjdk-21.0.3+1-windows-x64\openlogic-openjdk-21.0.3+1-windows-x64\bin\zip.dll
Event: 0.963 Loaded shared library C:\Users\ALI\Downloads\openlogic-openjdk-21.0.3+1-windows-x64\openlogic-openjdk-21.0.3+1-windows-x64\bin\instrument.dll
Event: 0.969 Loaded shared library C:\Users\ALI\Downloads\openlogic-openjdk-21.0.3+1-windows-x64\openlogic-openjdk-21.0.3+1-windows-x64\bin\net.dll
Event: 0.972 Loaded shared library C:\Users\ALI\Downloads\openlogic-openjdk-21.0.3+1-windows-x64\openlogic-openjdk-21.0.3+1-windows-x64\bin\nio.dll
Event: 0.979 Loaded shared library C:\Users\ALI\Downloads\openlogic-openjdk-21.0.3+1-windows-x64\openlogic-openjdk-21.0.3+1-windows-x64\bin\zip.dll
Event: 2.030 Loaded shared library C:\Users\ALI\Downloads\openlogic-openjdk-21.0.3+1-windows-x64\openlogic-openjdk-21.0.3+1-windows-x64\bin\jimage.dll
Event: 2.415 Loaded shared library C:\Users\ALI\Downloads\openlogic-openjdk-21.0.3+1-windows-x64\openlogic-openjdk-21.0.3+1-windows-x64\bin\verify.dll
Event: 2.946 Loaded shared library C:\Users\ALI\.gradle\native\c067742578af261105cb4f569cf0c3c89f3d7b1fecec35dd04571415982c5e48\windows-amd64\native-platform.dll
Event: 2.952 Loaded shared library C:\Users\ALI\.gradle\native\38dada09dfb8b06ba9b0570ebf7e218e3eb74d4ef43ca46872605cf95ebc2f47\windows-amd64\native-platform-file-events.dll
Event: 7.874 Loaded shared library C:\Users\ALI\Downloads\openlogic-openjdk-21.0.3+1-windows-x64\openlogic-openjdk-21.0.3+1-windows-x64\bin\management.dll
Event: 7.877 Loaded shared library C:\Users\ALI\Downloads\openlogic-openjdk-21.0.3+1-windows-x64\openlogic-openjdk-21.0.3+1-windows-x64\bin\management_ext.dll
Event: 8.826 Loaded shared library C:\Users\ALI\Downloads\openlogic-openjdk-21.0.3+1-windows-x64\openlogic-openjdk-21.0.3+1-windows-x64\bin\extnet.dll
Event: 9.759 Loaded shared library C:\Users\ALI\Downloads\openlogic-openjdk-21.0.3+1-windows-x64\openlogic-openjdk-21.0.3+1-windows-x64\bin\sunmscapi.dll

Deoptimization events (20 events):
Event: 186.093 Thread 0x0000018c25dc1b20 Uncommon trap: trap_request=0xffffffc6 fr.pc=0x0000018c7559fd5c relative=0x00000000000000bc
Event: 186.093 Thread 0x0000018c25dc1b20 Uncommon trap: reason=bimorphic_or_optimized_type_check action=maybe_recompile pc=0x0000018c7559fd5c method=org.gradle.execution.plan.ActionNode.hasPendingPreExecutionNodes()Z @ 11 c2
Event: 186.093 Thread 0x0000018c25dc1b20 DEOPT PACKING pc=0x0000018c7559fd5c sp=0x000000754affdbc0
Event: 186.093 Thread 0x0000018c25dc1b20 DEOPT UNPACKING pc=0x0000018c74ae46a2 sp=0x000000754affdb48 mode 2
Event: 189.901 Thread 0x0000018c24d8a790 Uncommon trap: trap_request=0xffffffbe fr.pc=0x0000018c758b8c94 relative=0x0000000000002fb4
Event: 189.901 Thread 0x0000018c24d8a790 Uncommon trap: reason=profile_predicate action=maybe_recompile pc=0x0000018c758b8c94 method=com.google.common.collect.MapMakerInternalMap$Segment.expand()V @ 56 c2
Event: 189.901 Thread 0x0000018c24d8a790 DEOPT PACKING pc=0x0000018c758b8c94 sp=0x0000007549afe360
Event: 189.901 Thread 0x0000018c24d8a790 DEOPT UNPACKING pc=0x0000018c74ae46a2 sp=0x0000007549afe318 mode 2
Event: 189.901 Thread 0x0000018c24d8a790 Uncommon trap: trap_request=0xffffffbe fr.pc=0x0000018c758b8c94 relative=0x0000000000002fb4
Event: 189.901 Thread 0x0000018c24d8a790 Uncommon trap: reason=profile_predicate action=maybe_recompile pc=0x0000018c758b8c94 method=com.google.common.collect.MapMakerInternalMap$Segment.expand()V @ 56 c2
Event: 189.901 Thread 0x0000018c24d8a790 DEOPT PACKING pc=0x0000018c758b8c94 sp=0x0000007549afe360
Event: 189.901 Thread 0x0000018c24d8a790 DEOPT UNPACKING pc=0x0000018c74ae46a2 sp=0x0000007549afe318 mode 2
Event: 189.902 Thread 0x0000018c24d8a790 Uncommon trap: trap_request=0xffffffbe fr.pc=0x0000018c758b8c94 relative=0x0000000000002fb4
Event: 189.902 Thread 0x0000018c24d8a790 Uncommon trap: reason=profile_predicate action=maybe_recompile pc=0x0000018c758b8c94 method=com.google.common.collect.MapMakerInternalMap$Segment.expand()V @ 56 c2
Event: 189.902 Thread 0x0000018c24d8a790 DEOPT PACKING pc=0x0000018c758b8c94 sp=0x0000007549afe360
Event: 189.902 Thread 0x0000018c24d8a790 DEOPT UNPACKING pc=0x0000018c74ae46a2 sp=0x0000007549afe318 mode 2
Event: 189.902 Thread 0x0000018c24d8a790 Uncommon trap: trap_request=0xffffffbe fr.pc=0x0000018c758b8c94 relative=0x0000000000002fb4
Event: 189.902 Thread 0x0000018c24d8a790 Uncommon trap: reason=profile_predicate action=maybe_recompile pc=0x0000018c758b8c94 method=com.google.common.collect.MapMakerInternalMap$Segment.expand()V @ 56 c2
Event: 189.902 Thread 0x0000018c24d8a790 DEOPT PACKING pc=0x0000018c758b8c94 sp=0x0000007549afe360
Event: 189.902 Thread 0x0000018c24d8a790 DEOPT UNPACKING pc=0x0000018c74ae46a2 sp=0x0000007549afe318 mode 2

Classes loaded (20 events):
Event: 132.330 Loading class java/io/CharArrayWriter
Event: 132.330 Loading class java/io/CharArrayWriter done
Event: 132.341 Loading class java/io/SequenceInputStream
Event: 132.342 Loading class java/io/SequenceInputStream done
Event: 185.504 Loading class java/io/BufferedWriterBeanInfo
Event: 185.504 Loading class java/io/BufferedWriterBeanInfo done
Event: 185.504 Loading class java/io/BufferedWriterBeanInfo
Event: 185.504 Loading class java/io/BufferedWriterBeanInfo done
Event: 185.504 Loading class java/io/WriterBeanInfo
Event: 185.504 Loading class java/io/WriterBeanInfo done
Event: 185.505 Loading class java/io/WriterBeanInfo
Event: 185.505 Loading class java/io/WriterBeanInfo done
Event: 185.505 Loading class java/io/WriterCustomizer
Event: 185.505 Loading class java/io/WriterCustomizer done
Event: 185.505 Loading class java/io/WriterCustomizer
Event: 185.505 Loading class java/io/WriterCustomizer done
Event: 185.505 Loading class java/io/BufferedWriterCustomizer
Event: 185.505 Loading class java/io/BufferedWriterCustomizer done
Event: 185.505 Loading class java/io/BufferedWriterCustomizer
Event: 185.505 Loading class java/io/BufferedWriterCustomizer done

Classes unloaded (0 events):
No events

Classes redefined (0 events):
No events

Internal exceptions (20 events):
Event: 131.335 Thread 0x0000018c220dcb80 Exception <a 'sun/nio/fs/WindowsException'{0x000000008d72eeb0}> (0x000000008d72eeb0) 
thrown [s\src\hotspot\share\prims\jni.cpp, line 520]
Event: 131.336 Thread 0x0000018c220dcb80 Exception <a 'sun/nio/fs/WindowsException'{0x000000008d730568}> (0x000000008d730568) 
thrown [s\src\hotspot\share\prims\jni.cpp, line 520]
Event: 131.336 Thread 0x0000018c220dcb80 Exception <a 'sun/nio/fs/WindowsException'{0x000000008d731c20}> (0x000000008d731c20) 
thrown [s\src\hotspot\share\prims\jni.cpp, line 520]
Event: 132.937 Thread 0x0000018c220dcb80 Exception <a 'java/lang/NoSuchMethodError'{0x000000008c488800}: 'void java.lang.invoke.DirectMethodHandle$Holder.invokeInterface(java.lang.Object, java.lang.Object, java.lang.Object, java.lang.Object, java.lang.Object, java.lang.Object)'> (0x000000008c488800) 
thrown [s\src\hotspot\share\interpreter\linkResolver.cpp, line 773]
Event: 132.938 Thread 0x0000018c220dcb80 Exception <a 'java/lang/NoSuchMethodError'{0x000000008c48d788}: 'void java.lang.invoke.DelegatingMethodHandle$Holder.reinvoke_L(java.lang.Object, java.lang.Object, java.lang.Object, java.lang.Object, java.lang.Object, java.lang.Object)'> (0x000000008c48d788) 
thrown [s\src\hotspot\share\interpreter\linkResolver.cpp, line 773]
Event: 134.206 Thread 0x0000018c7f9c4b30 Implicit null exception at 0x0000018c7579c6c8 to 0x0000018c7579cdec
Event: 134.607 Thread 0x0000018c220dcb80 Implicit null exception at 0x0000018c757bbd55 to 0x0000018c757bbecc
Event: 134.607 Thread 0x0000018c220dcb80 Implicit null exception at 0x0000018c757bb108 to 0x0000018c757bb28c
Event: 135.098 Thread 0x0000018c220dcb80 Exception <a 'java/lang/IncompatibleClassChangeError'{0x000000008c22a768}: Found class java.lang.Object, but interface was expected> (0x000000008c22a768) 
thrown [s\src\hotspot\share\interpreter\linkResolver.cpp, line 840]
Event: 136.840 Thread 0x0000018c25dc1b20 Exception <a 'java/lang/NoSuchMethodError'{0x000000008cb917e8}: 'java.lang.Object java.lang.invoke.DirectMethodHandle$Holder.invokeSpecialIFC(java.lang.Object, java.lang.Object, java.lang.Object)'> (0x000000008cb917e8) 
thrown [s\src\hotspot\share\interpreter\linkResolver.cpp, line 773]
Event: 151.532 Thread 0x0000018c230b1480 Implicit null exception at 0x0000018c754c9e80 to 0x0000018c754ca7a8
Event: 151.541 Thread 0x0000018c230af3b0 Implicit null exception at 0x0000018c753a53d0 to 0x0000018c753a5574
Event: 159.723 Thread 0x0000018c230af3b0 Implicit null exception at 0x0000018c7587f2c0 to 0x0000018c7587f335
Event: 185.493 Thread 0x0000018c25dc1490 Exception <a 'java/lang/ClassNotFoundException'{0x000000008ce41a38}: groovy/util/FileTreeBuilderBeanInfo> (0x000000008ce41a38) 
thrown [s\src\hotspot\share\classfile\systemDictionary.cpp, line 312]
Event: 185.494 Thread 0x0000018c25dc1490 Exception <a 'java/lang/ClassNotFoundException'{0x000000008ce52db8}: groovy/util/FileTreeBuilderCustomizer> (0x000000008ce52db8) 
thrown [s\src\hotspot\share\classfile\systemDictionary.cpp, line 312]
Event: 185.504 Thread 0x0000018c25dc1490 Exception <a 'java/lang/ClassNotFoundException'{0x000000008ce975f0}: java/io/BufferedWriterBeanInfo> (0x000000008ce975f0) 
thrown [s\src\hotspot\share\classfile\systemDictionary.cpp, line 312]
Event: 185.505 Thread 0x0000018c25dc1490 Exception <a 'java/lang/ClassNotFoundException'{0x000000008ce9df98}: java/io/WriterBeanInfo> (0x000000008ce9df98) 
thrown [s\src\hotspot\share\classfile\systemDictionary.cpp, line 312]
Event: 185.505 Thread 0x0000018c25dc1490 Exception <a 'java/lang/ClassNotFoundException'{0x000000008cea4c90}: java/io/WriterCustomizer> (0x000000008cea4c90) 
thrown [s\src\hotspot\share\classfile\systemDictionary.cpp, line 312]
Event: 185.505 Thread 0x0000018c25dc1490 Exception <a 'java/lang/ClassNotFoundException'{0x000000008ceb65b0}: java/io/BufferedWriterCustomizer> (0x000000008ceb65b0) 
thrown [s\src\hotspot\share\classfile\systemDictionary.cpp, line 312]
Event: 186.054 Thread 0x0000018c25dc1490 Exception <a 'java/lang/NoSuchMethodError'{0x000000008cd56c40}: static Lcom/android/build/api/variant/BuildConfigField;.<clinit>()V> (0x000000008cd56c40) 
thrown [s\src\hotspot\share\prims\jni.cpp, line 1111]

ZGC Phase Switch (0 events):
No events

VM Operations (20 events):
Event: 179.542 Executing VM operation: Cleanup
Event: 179.542 Executing VM operation: Cleanup done
Event: 180.401 Executing VM operation: HandshakeAllThreads (HandshakeForDeflation)
Event: 180.402 Executing VM operation: HandshakeAllThreads (HandshakeForDeflation) done
Event: 180.402 Executing VM operation: RendezvousGCThreads
Event: 180.402 Executing VM operation: RendezvousGCThreads done
Event: 181.410 Executing VM operation: Cleanup
Event: 181.410 Executing VM operation: Cleanup done
Event: 182.426 Executing VM operation: Cleanup
Event: 182.426 Executing VM operation: Cleanup done
Event: 183.441 Executing VM operation: Cleanup
Event: 183.441 Executing VM operation: Cleanup done
Event: 185.467 Executing VM operation: Cleanup
Event: 185.468 Executing VM operation: Cleanup done
Event: 186.481 Executing VM operation: Cleanup
Event: 186.481 Executing VM operation: Cleanup done
Event: 187.491 Executing VM operation: Cleanup
Event: 187.491 Executing VM operation: Cleanup done
Event: 190.148 Executing VM operation: G1CollectForAllocation (G1 Evacuation Pause)
Event: 190.161 Executing VM operation: G1CollectForAllocation (G1 Evacuation Pause) done

Events (20 events):
Event: 166.335 Thread 0x0000018c7f9a3be0 flushing nmethod 0x0000018c752bf190
Event: 166.335 Thread 0x0000018c7f9a3be0 flushing nmethod 0x0000018c75299b90
Event: 166.335 Thread 0x0000018c7f9a3be0 flushing nmethod 0x0000018c7522f010
Event: 166.335 Thread 0x0000018c7f9a3be0 flushing nmethod 0x0000018c751cf290
Event: 166.335 Thread 0x0000018c7f9a3be0 flushing nmethod 0x0000018c750ab610
Event: 166.335 Thread 0x0000018c7f9a3be0 flushing nmethod 0x0000018c750c5c10
Event: 168.131 Thread 0x0000018c25dd5f80 Thread exited: 0x0000018c25dd5f80
Event: 168.131 Thread 0x0000018c25dd6ca0 Thread exited: 0x0000018c25dd6ca0
Event: 168.149 Thread 0x0000018c25dd7330 Thread exited: 0x0000018c25dd7330
Event: 174.700 Thread 0x0000018c2c25f170 Thread added: 0x0000018c2c25f170
Event: 174.700 Thread 0x0000018c2c25afd0 Thread added: 0x0000018c2c25afd0
Event: 174.700 Thread 0x0000018c2c25e450 Thread added: 0x0000018c2c25e450
Event: 185.285 Thread 0x0000018c26b3b130 Thread added: 0x0000018c26b3b130
Event: 185.444 Thread 0x0000018c2c25d730 Thread added: 0x0000018c2c25d730
Event: 185.680 Thread 0x0000018c26b3b130 Thread exited: 0x0000018c26b3b130
Event: 186.109 Thread 0x0000018c2c25b660 Thread added: 0x0000018c2c25b660
Event: 186.110 Thread 0x0000018c2c259c20 Thread added: 0x0000018c2c259c20
Event: 186.111 Thread 0x0000018c2c25bcf0 Thread added: 0x0000018c2c25bcf0
Event: 189.636 Thread 0x0000018c26b3b130 Thread added: 0x0000018c26b3b130
Event: 190.088 Thread 0x0000018c26b3b130 Thread exited: 0x0000018c26b3b130


Dynamic libraries:
0x00007ff776f70000 - 0x00007ff776f7e000 	C:\Users\ALI\Downloads\openlogic-openjdk-21.0.3+1-windows-x64\openlogic-openjdk-21.0.3+1-windows-x64\bin\java.exe
0x00007ff986b70000 - 0x00007ff986d87000 	C:\Windows\SYSTEM32\ntdll.dll
0x00007ff985af0000 - 0x00007ff985bb4000 	C:\Windows\System32\KERNEL32.DLL
0x00007ff9844f0000 - 0x00007ff984897000 	C:\Windows\System32\KERNELBASE.dll
0x00007ff9841c0000 - 0x00007ff9842d1000 	C:\Windows\System32\ucrtbase.dll
0x00007ff9756b0000 - 0x00007ff9756c8000 	C:\Users\ALI\Downloads\openlogic-openjdk-21.0.3+1-windows-x64\openlogic-openjdk-21.0.3+1-windows-x64\bin\jli.dll
0x00007ff9858b0000 - 0x00007ff985a5e000 	C:\Windows\System32\USER32.dll
0x00007ff9842e0000 - 0x00007ff984306000 	C:\Windows\System32\win32u.dll
0x00007ff984c10000 - 0x00007ff984c39000 	C:\Windows\System32\GDI32.dll
0x00007ff984310000 - 0x00007ff984429000 	C:\Windows\System32\gdi32full.dll
0x00007ff984000000 - 0x00007ff98409a000 	C:\Windows\System32\msvcp_win.dll
0x00007ff950ae0000 - 0x00007ff950afb000 	C:\Users\ALI\Downloads\openlogic-openjdk-21.0.3+1-windows-x64\openlogic-openjdk-21.0.3+1-windows-x64\bin\VCRUNTIME140.dll
0x00007ff96c750000 - 0x00007ff96c9e3000 	C:\Windows\WinSxS\amd64_microsoft.windows.common-controls_6595b64144ccf1df_6.0.22621.3527_none_270e469b73872a76\COMCTL32.dll
0x00007ff984b40000 - 0x00007ff984be7000 	C:\Windows\System32\msvcrt.dll
0x00007ff985dd0000 - 0x00007ff985e01000 	C:\Windows\System32\IMM32.DLL
0x00007ff950b00000 - 0x00007ff950b0c000 	C:\Users\ALI\Downloads\openlogic-openjdk-21.0.3+1-windows-x64\openlogic-openjdk-21.0.3+1-windows-x64\bin\vcruntime140_1.dll
0x00007ff950b10000 - 0x00007ff950b9d000 	C:\Users\ALI\Downloads\openlogic-openjdk-21.0.3+1-windows-x64\openlogic-openjdk-21.0.3+1-windows-x64\bin\msvcp140.dll
0x00007ff90c000000 - 0x00007ff90cd91000 	C:\Users\ALI\Downloads\openlogic-openjdk-21.0.3+1-windows-x64\openlogic-openjdk-21.0.3+1-windows-x64\bin\server\jvm.dll
0x00007ff9861a0000 - 0x00007ff986252000 	C:\Windows\System32\ADVAPI32.dll
0x00007ff985d20000 - 0x00007ff985dc8000 	C:\Windows\System32\sechost.dll
0x00007ff984190000 - 0x00007ff9841b8000 	C:\Windows\System32\bcrypt.dll
0x00007ff985790000 - 0x00007ff9858a5000 	C:\Windows\System32\RPCRT4.dll
0x00007ff985a60000 - 0x00007ff985ad1000 	C:\Windows\System32\WS2_32.dll
0x00007ff9833c0000 - 0x00007ff98340d000 	C:\Windows\SYSTEM32\POWRPROF.dll
0x00007ff97a0d0000 - 0x00007ff97a104000 	C:\Windows\SYSTEM32\WINMM.dll
0x00007ff979580000 - 0x00007ff97958a000 	C:\Windows\SYSTEM32\VERSION.dll
0x00007ff983310000 - 0x00007ff983323000 	C:\Windows\SYSTEM32\UMPDC.dll
0x00007ff982ea0000 - 0x00007ff982eb8000 	C:\Windows\SYSTEM32\kernel.appcore.dll
0x00007ff981b10000 - 0x00007ff981b1a000 	C:\Users\ALI\Downloads\openlogic-openjdk-21.0.3+1-windows-x64\openlogic-openjdk-21.0.3+1-windows-x64\bin\jimage.dll
0x00007ff97efb0000 - 0x00007ff97f1e3000 	C:\Windows\SYSTEM32\DBGHELP.DLL
0x00007ff985e10000 - 0x00007ff986198000 	C:\Windows\System32\combase.dll
0x00007ff984d50000 - 0x00007ff984e27000 	C:\Windows\System32\OLEAUT32.dll
0x00007ff95e720000 - 0x00007ff95e752000 	C:\Windows\SYSTEM32\dbgcore.DLL
0x00007ff984110000 - 0x00007ff984189000 	C:\Windows\System32\bcryptPrimitives.dll
0x00007ff96bc00000 - 0x00007ff96bc0e000 	C:\Users\ALI\Downloads\openlogic-openjdk-21.0.3+1-windows-x64\openlogic-openjdk-21.0.3+1-windows-x64\bin\instrument.dll
0x00007ff96aa50000 - 0x00007ff96aa6f000 	C:\Users\ALI\Downloads\openlogic-openjdk-21.0.3+1-windows-x64\openlogic-openjdk-21.0.3+1-windows-x64\bin\java.dll
0x00007ff984f30000 - 0x00007ff98578c000 	C:\Windows\System32\SHELL32.dll
0x00007ff981dd0000 - 0x00007ff9826c6000 	C:\Windows\SYSTEM32\windows.storage.dll
0x00007ff981c90000 - 0x00007ff981dce000 	C:\Windows\SYSTEM32\wintypes.dll
0x00007ff9869c0000 - 0x00007ff986ab5000 	C:\Windows\System32\SHCORE.dll
0x00007ff9864e0000 - 0x00007ff98653e000 	C:\Windows\System32\shlwapi.dll
0x00007ff983dc0000 - 0x00007ff983de1000 	C:\Windows\SYSTEM32\profapi.dll
0x00007ff9405c0000 - 0x00007ff940696000 	C:\Users\ALI\Downloads\openlogic-openjdk-21.0.3+1-windows-x64\openlogic-openjdk-21.0.3+1-windows-x64\bin\jsvml.dll
0x00007ff965800000 - 0x00007ff965818000 	C:\Users\ALI\Downloads\openlogic-openjdk-21.0.3+1-windows-x64\openlogic-openjdk-21.0.3+1-windows-x64\bin\zip.dll
0x00007ff981ae0000 - 0x00007ff981af0000 	C:\Users\ALI\Downloads\openlogic-openjdk-21.0.3+1-windows-x64\openlogic-openjdk-21.0.3+1-windows-x64\bin\net.dll
0x00007ff97ece0000 - 0x00007ff97ee16000 	C:\Windows\SYSTEM32\WINHTTP.dll
0x00007ff983410000 - 0x00007ff983479000 	C:\Windows\system32\mswsock.dll
0x00007ff965820000 - 0x00007ff965836000 	C:\Users\ALI\Downloads\openlogic-openjdk-21.0.3+1-windows-x64\openlogic-openjdk-21.0.3+1-windows-x64\bin\nio.dll
0x00007ff976910000 - 0x00007ff976920000 	C:\Users\ALI\Downloads\openlogic-openjdk-21.0.3+1-windows-x64\openlogic-openjdk-21.0.3+1-windows-x64\bin\verify.dll
0x00007ff95b310000 - 0x00007ff95b337000 	C:\Users\ALI\.gradle\native\c067742578af261105cb4f569cf0c3c89f3d7b1fecec35dd04571415982c5e48\windows-amd64\native-platform.dll
0x00007ff92c770000 - 0x00007ff92c8b4000 	C:\Users\ALI\.gradle\native\38dada09dfb8b06ba9b0570ebf7e218e3eb74d4ef43ca46872605cf95ebc2f47\windows-amd64\native-platform-file-events.dll
0x00007ff9767e0000 - 0x00007ff9767e9000 	C:\Users\ALI\Downloads\openlogic-openjdk-21.0.3+1-windows-x64\openlogic-openjdk-21.0.3+1-windows-x64\bin\management.dll
0x00007ff972ca0000 - 0x00007ff972cab000 	C:\Users\ALI\Downloads\openlogic-openjdk-21.0.3+1-windows-x64\openlogic-openjdk-21.0.3+1-windows-x64\bin\management_ext.dll
0x00007ff986410000 - 0x00007ff986418000 	C:\Windows\System32\PSAPI.DLL
0x00007ff983680000 - 0x00007ff98369b000 	C:\Windows\SYSTEM32\CRYPTSP.dll
0x00007ff982e00000 - 0x00007ff982e35000 	C:\Windows\system32\rsaenh.dll
0x00007ff983510000 - 0x00007ff983538000 	C:\Windows\SYSTEM32\USERENV.dll
0x00007ff983670000 - 0x00007ff98367c000 	C:\Windows\SYSTEM32\CRYPTBASE.dll
0x00007ff982970000 - 0x00007ff98299d000 	C:\Windows\SYSTEM32\IPHLPAPI.DLL
0x00007ff984920000 - 0x00007ff984929000 	C:\Windows\System32\NSI.dll
0x00007ff9723b0000 - 0x00007ff9723b9000 	C:\Users\ALI\Downloads\openlogic-openjdk-21.0.3+1-windows-x64\openlogic-openjdk-21.0.3+1-windows-x64\bin\extnet.dll
0x00007ff96bbc0000 - 0x00007ff96bbce000 	C:\Users\ALI\Downloads\openlogic-openjdk-21.0.3+1-windows-x64\openlogic-openjdk-21.0.3+1-windows-x64\bin\sunmscapi.dll
0x00007ff983e90000 - 0x00007ff983ff7000 	C:\Windows\System32\CRYPT32.dll
0x00007ff983830000 - 0x00007ff98385e000 	C:\Windows\SYSTEM32\ncrypt.dll
0x00007ff9837f0000 - 0x00007ff983827000 	C:\Windows\SYSTEM32\NTASN1.dll
0x00007ff96aa40000 - 0x00007ff96aa48000 	C:\Windows\system32\wshunix.dll
0x00007ff9767f0000 - 0x00007ff976807000 	C:\Windows\system32\napinsp.dll
0x00007ff978460000 - 0x00007ff97847b000 	C:\Windows\system32\pnrpnsp.dll
0x00007ff9829a0000 - 0x00007ff982a99000 	C:\Windows\SYSTEM32\DNSAPI.dll
0x00007ff97a250000 - 0x00007ff97a261000 	C:\Windows\System32\winrnr.dll
0x00007ff95cee0000 - 0x00007ff95cef5000 	C:\Windows\system32\wshbth.dll
0x00007ff9321d0000 - 0x00007ff9321f1000 	C:\Windows\system32\nlansp_c.dll
0x00007ff977550000 - 0x00007ff97755a000 	C:\Windows\System32\rasadhlp.dll
0x00007ff979880000 - 0x00007ff979903000 	C:\Windows\System32\fwpuclnt.dll

dbghelp: loaded successfully - version: 4.0.5 - missing functions: none
symbol engine: initialized successfully - sym options: 0x614 - pdb path: .;C:\Users\ALI\Downloads\openlogic-openjdk-21.0.3+1-windows-x64\openlogic-openjdk-21.0.3+1-windows-x64\bin;C:\Windows\SYSTEM32;C:\Windows\WinSxS\amd64_microsoft.windows.common-controls_6595b64144ccf1df_6.0.22621.3527_none_270e469b73872a76;C:\Users\ALI\Downloads\openlogic-openjdk-21.0.3+1-windows-x64\openlogic-openjdk-21.0.3+1-windows-x64\bin\server;C:\Users\ALI\.gradle\native\c067742578af261105cb4f569cf0c3c89f3d7b1fecec35dd04571415982c5e48\windows-amd64;C:\Users\ALI\.gradle\native\38dada09dfb8b06ba9b0570ebf7e218e3eb74d4ef43ca46872605cf95ebc2f47\windows-amd64

VM Arguments:
jvm_args: -XX:MaxMetaspaceSize=512m --add-opens=java.base/java.util=ALL-UNNAMED --add-opens=java.base/java.lang=ALL-UNNAMED --add-opens=java.base/java.lang.invoke=ALL-UNNAMED --add-opens=java.prefs/java.util.prefs=ALL-UNNAMED --add-opens=java.base/java.nio.charset=ALL-UNNAMED --add-opens=java.base/java.net=ALL-UNNAMED --add-opens=java.base/java.util.concurrent.atomic=ALL-UNNAMED -Xmx2048m -Dfile.encoding=UTF-8 -Duser.country=GB -Duser.language=en -Duser.variant -javaagent:C:\Users\ALI\.gradle\wrapper\dists\gradle-8.5-all\3zlzzgtsutfj0pbojr50n2l7z\gradle-8.5\lib\agents\gradle-instrumentation-agent-8.5.jar 
java_command: org.gradle.launcher.daemon.bootstrap.GradleDaemon 8.5
java_class_path (initial): C:\Users\ALI\.gradle\wrapper\dists\gradle-8.5-all\3zlzzgtsutfj0pbojr50n2l7z\gradle-8.5\lib\gradle-launcher-8.5.jar
Launcher Type: SUN_STANDARD

[Global flags]
     intx CICompilerCount                          = 3                                         {product} {ergonomic}
   size_t CompressedClassSpaceSize                 = 436207616                                 {product} {ergonomic}
     uint ConcGCThreads                            = 1                                         {product} {ergonomic}
     uint G1ConcRefinementThreads                  = 4                                         {product} {ergonomic}
   size_t G1HeapRegionSize                         = 1048576                                   {product} {ergonomic}
    uintx GCDrainStackTargetSize                   = 64                                        {product} {ergonomic}
   size_t InitialHeapSize                          = 134217728                                 {product} {ergonomic}
   size_t MarkStackSize                            = 4194304                                   {product} {ergonomic}
   size_t MaxHeapSize                              = 2147483648                                {product} {command line}
   size_t MaxMetaspaceSize                         = 536870912                                 {product} {command line}
   size_t MaxNewSize                               = 1287651328                                {product} {ergonomic}
   size_t MinHeapDeltaBytes                        = 1048576                                   {product} {ergonomic}
   size_t MinHeapSize                              = 8388608                                   {product} {ergonomic}
    uintx NonNMethodCodeHeapSize                   = 5832780                                {pd product} {ergonomic}
    uintx NonProfiledCodeHeapSize                  = 122912730                              {pd product} {ergonomic}
    uintx ProfiledCodeHeapSize                     = 122912730                              {pd product} {ergonomic}
    uintx ReservedCodeCacheSize                    = 251658240                              {pd product} {ergonomic}
     bool SegmentedCodeCache                       = true                                      {product} {ergonomic}
   size_t SoftMaxHeapSize                          = 2147483648                             {manageable} {ergonomic}
     bool UseCompressedOops                        = true                           {product lp64_product} {ergonomic}
     bool UseG1GC                                  = true                                      {product} {ergonomic}
     bool UseLargePagesIndividualAllocation        = false                                  {pd product} {ergonomic}

Logging:
Log output configuration:
 #0: stdout all=warning uptime,level,tags foldmultilines=false
 #1: stderr all=off uptime,level,tags foldmultilines=false

Environment Variables:
CLASSPATH=C:\Users\ALI\Desktop\prize_bond\android\\gradle\wrapper\gradle-wrapper.jar
PATH=C:\Users\ALI\Desktop\prize_bond\node_modules\.bin;C:\Users\ALI\Desktop\prize_bond\node_modules\.bin;C:\Users\ALI\Desktop\node_modules\.bin;C:\Users\ALI\node_modules\.bin;C:\Users\node_modules\.bin;C:\node_modules\.bin;C:\Users\ALI\AppData\Roaming\npm\node_modules\npm\node_modules\@npmcli\run-script\lib\node-gyp-bin;C:\Users\ALI\Desktop\prize_bond\node_modules\.bin;C:\Users\ALI\Desktop\prize_bond\node_modules\.bin;C:\Users\ALI\Desktop\node_modules\.bin;C:\Users\ALI\node_modules\.bin;C:\Users\node_modules\.bin;C:\node_modules\.bin;C:\Users\ALI\AppData\Roaming\npm\node_modules\npm\node_modules\@npmcli\run-script\lib\node-gyp-bin;C:\Users\ALI\bin;C:\Program Files\Git\mingw64\bin;C:\Program Files\Git\usr\local\bin;C:\Program Files\Git\usr\bin;C:\Program Files\Git\usr\bin;C:\Program Files\Git\mingw64\bin;C:\Program Files\Git\usr\bin;C:\Users\ALI\bin;C:\Windows\system32;C:\Windows;C:\Windows\System32\Wbem;C:\Windows\System32\WindowsPowerShell\v1.0;C:\Windows\System32\OpenSSH;C:\Users\ALI\nodejs;C:\Users\ALI\Downloads\openlogic-openjdk-21.0.3+1-windows-x64\openlogic-openjdk-21.0.3+1-windows-x64\bin;C:\Users\ALI\AppData\Local\Android\Sdk;C:\Users\ALI\AppData\Local\Android\Sdk\platform-tools;C:\Users\ALI\AppData\Local\Android\Sdk\emulator;C:\Users\ALI\Desktop\prize-bond\prize_bond;C:\Users\ALI\AppData\Local\Android\Sdk\ndk\27.0.11718014;C:\Program Files\Git\cmd;C:\Users\ALI\AppData\Local\Microsoft\WindowsApps;C:\Users\ALI\AppData\Local\Programs\Microsoft VS Code\bin;C:\Users\ALI\Downloads\openlogic-openjdk-21.0.3+1-windows-x64\openlogic-openjdk-21.0.3+1-windows-x64\bin;C:\Users\ALI\AppData\Local\Android\Sdk;C:\Users\ALI\AppData\Local\Android\Sdk\platform-tools;C:\Users\ALI\AppData\Local\Android\Sdk\emulator;C:\Users\ALI\Desktop\prize-bond\prize_bond;C:\Program Files\Git\usr\bin\vendor_perl;C:\Program Files\Git\usr\bin\core_perl
USERNAME=ALI
SHELL=C:\Program Files\Git\usr\bin\bash.exe
DISPLAY=needs-to-be-defined
LANG=en_US.UTF-8
TERM=xterm-256color
TMPDIR=C:\Users\ALI\AppData\Local\Temp
OS=Windows_NT
PROCESSOR_IDENTIFIER=Intel64 Family 6 Model 78 Stepping 3, GenuineIntel
TMP=C:\Users\ALI\AppData\Local\Temp
TEMP=C:\Users\ALI\AppData\Local\Temp




Periodic native trim disabled

---------------  S Y S T E M  ---------------

OS:
 Windows 11 , 64 bit Build 22621 (10.0.22621.3527)
OS uptime: 14 days 8:56 hours

CPU: total 4 (initial active 4) (2 cores per cpu, 2 threads per core) family 6 model 78 stepping 3 microcode 0xf0, cx8, cmov, fxsr, ht, mmx, 3dnowpref, sse, sse2, sse3, ssse3, sse4.1, sse4.2, popcnt, lzcnt, tsc, tscinvbit, avx, avx2, aes, erms, clmul, bmi1, bmi2, rtm, adx, fma, vzeroupper, clflush, clflushopt, rdtscp, f16c
Processor Information for all 4 processors :
  Max Mhz: 2808, Current Mhz: 2607, Mhz Limit: 2583

Memory: 4k page, system-wide physical 8070M (432M free)
TotalPageFile size 10118M (AvailPageFile size 7M)
current process WorkingSet (physical memory assigned to process): 548M, peak: 549M
current process commit charge ("private bytes"): 585M, peak: 586M

vm_info: OpenJDK 64-Bit Server VM (21.0.3+1-adhoc.Administrator.jdk21u) for windows-amd64 JRE (21.0.3+1-adhoc.Administrator.jdk21u), built on 2024-02-21T11:16:16Z by "Administrator" with MS VC++ 16.10 / 16.11 (VS2019)

END.
